Using pre-set license
Built from '2020.3/staging' branch; Version is '2020.3.9f1 (108be757e447) revision 1084391'; Using compiler version '192528614'; Build Type 'Release'
OS: 'Windows 10 Pro; OS build 18363.1500; Version 1909; 64bit' Language: 'pl' Physical Memory: 16348 MB
BatchMode: 1, IsHumanControllingUs: 0, StartBugReporterOnCrash: 0, Is64bit: 1, IsPro: 0

 COMMAND LINE ARGUMENTS:
D:\UntyHub\editor\2020.3.9f1\Editor\Unity.exe
-adb2
-batchMode
-noUpm
-name
AssetImportWorker0
-projectPath
D:/UnityProjects/projects/GoldJam
-logFile
Logs/AssetImportWorker0.log
-srvPort
52558
Successfully changed project path to: D:/UnityProjects/projects/GoldJam
D:/UnityProjects/projects/GoldJam
Using Asset Import Pipeline V2.
Refreshing native plugins compatible for Editor in 22.97 ms, found 0 plugins.
Preloading 0 native plugins for Editor in 0.00 ms.
Initialize engine version: 2020.3.9f1 (108be757e447)
[Subsystems] Discovering subsystems at path D:/UntyHub/editor/2020.3.9f1/Editor/Data/Resources/UnitySubsystems
[Subsystems] Discovering subsystems at path D:/UnityProjects/projects/GoldJam/Assets
GfxDevice: creating device client; threaded=0
Direct3D:
    Version:  Direct3D 11.0 [level 11.1]
    Renderer: AMD Radeon RX 5700 (ID=0x731f)
    Vendor:   
    VRAM:     8152 MB
    Driver:   27.20.14535.1000
Initialize mono
Mono path[0] = 'D:/UntyHub/editor/2020.3.9f1/Editor/Data/Managed'
Mono path[1] = 'D:/UntyHub/editor/2020.3.9f1/Editor/Data/MonoBleedingEdge/lib/mono/unityjit'
Mono config path = 'D:/UntyHub/editor/2020.3.9f1/Editor/Data/MonoBleedingEdge/etc'
Using monoOptions --debugger-agent=transport=dt_socket,embedding=1,server=y,suspend=n,address=127.0.0.1:56856
Begin MonoManager ReloadAssembly
Registering precompiled unity dll's ...
Register platform support module: D:/UntyHub/editor/2020.3.9f1/Editor/Data/PlaybackEngines/WebGLSupport/UnityEditor.WebGL.Extensions.dll
Register platform support module: D:/UntyHub/editor/2020.3.9f1/Editor/Data/PlaybackEngines/WindowsStandaloneSupport/UnityEditor.WindowsStandalone.Extensions.dll
Registered in 0.001326 seconds.
Native extension for WindowsStandalone target not found
Native extension for WebGL target not found
Refreshing native plugins compatible for Editor in 22.64 ms, found 0 plugins.
Preloading 0 native plugins for Editor in 0.00 ms.
Mono: successfully reloaded assembly
- Completed reload, in  1.581 seconds
Platform modules already initialized, skipping
Registering precompiled user dll's ...
Registered in 0.000687 seconds.
Begin MonoManager ReloadAssembly
Native extension for WindowsStandalone target not found
Native extension for WebGL target not found
Refreshing native plugins compatible for Editor in 0.19 ms, found 0 plugins.
Preloading 0 native plugins for Editor in 0.00 ms.
Mono: successfully reloaded assembly
- Completed reload, in  0.972 seconds
Platform modules already initialized, skipping
========================================================================
Worker process is ready to serve import requests
Launched and connected shader compiler UnityShaderCompiler.exe after 0.09 seconds
Refreshing native plugins compatible for Editor in 0.25 ms, found 0 plugins.
Preloading 0 native plugins for Editor in 0.00 ms.
Unloading 1122 Unused Serialized files (Serialized files now loaded: 0)
System memory in use before: 57.4 MB.
System memory in use after: 57.5 MB.

Unloading 9 unused Assets to reduce memory usage. Loaded Objects now: 1566.
Total: 1.759500 ms (FindLiveObjects: 0.203800 ms CreateObjectMapping: 0.093400 ms MarkObjects: 1.394900 ms  DeleteObjects: 0.065900 ms)

========================================================================
Received Import Request.
  path: Assets/Scripts/Environment/GoldScript.cs
  artifactKey: Guid(e52d10cc8b62a5b4e97cded1d5abd63e) Importer(815301076,1909f56bfc062723c751e8b465ee728b)
Start importing Assets/Scripts/Environment/GoldScript.cs using Guid(e52d10cc8b62a5b4e97cded1d5abd63e) Importer(815301076,1909f56bfc062723c751e8b465ee728b)  -> (artifact id: '0fcbefb4f239a7cbb016724c1d713b1e') in 0.072124 seconds
  Import took 0.073977 seconds .

========================================================================
Received Prepare
Registering precompiled user dll's ...
Registered in 0.000571 seconds.
Begin MonoManager ReloadAssembly
Native extension for WindowsStandalone target not found
Native extension for WebGL target not found
Refreshing native plugins compatible for Editor in 0.19 ms, found 0 plugins.
Preloading 0 native plugins for Editor in 0.00 ms.
Mono: successfully reloaded assembly
- Completed reload, in  0.733 seconds
Platform modules already initialized, skipping
Refreshing native plugins compatible for Editor in 0.19 ms, found 0 plugins.
Preloading 0 native plugins for Editor in 0.00 ms.
Unloading 1117 Unused Serialized files (Serialized files now loaded: 0)
System memory in use before: 57.4 MB.
System memory in use after: 57.5 MB.

Unloading 4 unused Assets to reduce memory usage. Loaded Objects now: 1569.
Total: 1.337400 ms (FindLiveObjects: 0.111100 ms CreateObjectMapping: 0.030800 ms MarkObjects: 1.182500 ms  DeleteObjects: 0.012300 ms)

========================================================================
Received Prepare
Registering precompiled user dll's ...
Registered in 0.000723 seconds.
Begin MonoManager ReloadAssembly
Native extension for WindowsStandalone target not found
Native extension for WebGL target not found
Refreshing native plugins compatible for Editor in 0.20 ms, found 0 plugins.
Preloading 0 native plugins for Editor in 0.00 ms.
Mono: successfully reloaded assembly
- Completed reload, in  0.707 seconds
Platform modules already initialized, skipping
Refreshing native plugins compatible for Editor in 0.24 ms, found 0 plugins.
Preloading 0 native plugins for Editor in 0.00 ms.
Unloading 1117 Unused Serialized files (Serialized files now loaded: 0)
System memory in use before: 57.4 MB.
System memory in use after: 57.5 MB.

Unloading 4 unused Assets to reduce memory usage. Loaded Objects now: 1572.
Total: 1.425800 ms (FindLiveObjects: 0.106800 ms CreateObjectMapping: 0.030400 ms MarkObjects: 1.277000 ms  DeleteObjects: 0.010700 ms)

========================================================================
Received Import Request.
  Time since last request: 22.195656 seconds.
  path: Assets/Scripts/Environment/GoldScript.cs
  artifactKey: Guid(e52d10cc8b62a5b4e97cded1d5abd63e) Importer(815301076,1909f56bfc062723c751e8b465ee728b)
Start importing Assets/Scripts/Environment/GoldScript.cs using Guid(e52d10cc8b62a5b4e97cded1d5abd63e) Importer(815301076,1909f56bfc062723c751e8b465ee728b)  -> (artifact id: 'b63dfd7010805206b66787a3963d8a8b') in 0.004051 seconds
  Import took 0.005565 seconds .

========================================================================
Received Prepare
Registering precompiled user dll's ...
Registered in 0.000642 seconds.
Begin MonoManager ReloadAssembly
Native extension for WindowsStandalone target not found
Native extension for WebGL target not found
Refreshing native plugins compatible for Editor in 0.25 ms, found 0 plugins.
Preloading 0 native plugins for Editor in 0.00 ms.
Mono: successfully reloaded assembly
- Completed reload, in  0.718 seconds
Platform modules already initialized, skipping
Refreshing native plugins compatible for Editor in 0.24 ms, found 0 plugins.
Preloading 0 native plugins for Editor in 0.00 ms.
Unloading 1117 Unused Serialized files (Serialized files now loaded: 0)
System memory in use before: 57.4 MB.
System memory in use after: 57.5 MB.

Unloading 4 unused Assets to reduce memory usage. Loaded Objects now: 1575.
Total: 1.461500 ms (FindLiveObjects: 0.106100 ms CreateObjectMapping: 0.027700 ms MarkObjects: 1.315600 ms  DeleteObjects: 0.011100 ms)

========================================================================
Received Import Request.
  Time since last request: 489.313064 seconds.
  path: Assets/Scripts/Environment/PickaxeTargetScript.cs
  artifactKey: Guid(ae12cb47428402b4185ba14cce08647e) Importer(815301076,1909f56bfc062723c751e8b465ee728b)
Start importing Assets/Scripts/Environment/PickaxeTargetScript.cs using Guid(ae12cb47428402b4185ba14cce08647e) Importer(815301076,1909f56bfc062723c751e8b465ee728b)  -> (artifact id: '5f734897eb4a923cfe931f2960b523ed') in 0.007305 seconds
  Import took 0.009087 seconds .

========================================================================
Received Prepare
Registering precompiled user dll's ...
Registered in 0.000646 seconds.
Begin MonoManager ReloadAssembly
Native extension for WindowsStandalone target not found
Native extension for WebGL target not found
Refreshing native plugins compatible for Editor in 0.21 ms, found 0 plugins.
Preloading 0 native plugins for Editor in 0.00 ms.
Mono: successfully reloaded assembly
- Completed reload, in  0.737 seconds
Platform modules already initialized, skipping
Refreshing native plugins compatible for Editor in 0.18 ms, found 0 plugins.
Preloading 0 native plugins for Editor in 0.00 ms.
Unloading 1117 Unused Serialized files (Serialized files now loaded: 0)
System memory in use before: 57.4 MB.
System memory in use after: 57.5 MB.

Unloading 4 unused Assets to reduce memory usage. Loaded Objects now: 1578.
Total: 1.402700 ms (FindLiveObjects: 0.113600 ms CreateObjectMapping: 0.030900 ms MarkObjects: 1.245800 ms  DeleteObjects: 0.011600 ms)

========================================================================
Received Prepare
Registering precompiled user dll's ...
Registered in 0.000633 seconds.
Begin MonoManager ReloadAssembly
Native extension for WindowsStandalone target not found
Native extension for WebGL target not found
Refreshing native plugins compatible for Editor in 0.24 ms, found 0 plugins.
Preloading 0 native plugins for Editor in 0.00 ms.
Mono: successfully reloaded assembly
- Completed reload, in  0.878 seconds
Platform modules already initialized, skipping
Refreshing native plugins compatible for Editor in 0.45 ms, found 0 plugins.
Preloading 0 native plugins for Editor in 0.00 ms.
Unloading 1117 Unused Serialized files (Serialized files now loaded: 0)
System memory in use before: 57.4 MB.
System memory in use after: 57.5 MB.

Unloading 4 unused Assets to reduce memory usage. Loaded Objects now: 1581.
Total: 1.741600 ms (FindLiveObjects: 0.142500 ms CreateObjectMapping: 0.041000 ms MarkObjects: 1.540300 ms  DeleteObjects: 0.016600 ms)

========================================================================
Received Import Request.
  Time since last request: 2769.254915 seconds.
  path: Assets/Scripts/Environment/FakeGoldScript.cs
  artifactKey: Guid(0bd2d74340e1e36498e27787bbfb7f6f) Importer(815301076,1909f56bfc062723c751e8b465ee728b)
Start importing Assets/Scripts/Environment/FakeGoldScript.cs using Guid(0bd2d74340e1e36498e27787bbfb7f6f) Importer(815301076,1909f56bfc062723c751e8b465ee728b)  -> (artifact id: 'c378a69eba5f837554d671bd7d53ee89') in 0.014632 seconds
  Import took 0.016775 seconds .

========================================================================
Received Prepare
Registering precompiled user dll's ...
Registered in 0.000723 seconds.
Begin MonoManager ReloadAssembly
Native extension for WindowsStandalone target not found
Native extension for WebGL target not found
Refreshing native plugins compatible for Editor in 0.20 ms, found 0 plugins.
Preloading 0 native plugins for Editor in 0.00 ms.
Mono: successfully reloaded assembly
- Completed reload, in  0.708 seconds
Platform modules already initialized, skipping
Refreshing native plugins compatible for Editor in 0.22 ms, found 0 plugins.
Preloading 0 native plugins for Editor in 0.00 ms.
Unloading 1118 Unused Serialized files (Serialized files now loaded: 0)
System memory in use before: 57.5 MB.
System memory in use after: 57.5 MB.

Unloading 4 unused Assets to reduce memory usage. Loaded Objects now: 1585.
Total: 1.423700 ms (FindLiveObjects: 0.109300 ms CreateObjectMapping: 0.030500 ms MarkObjects: 1.271700 ms  DeleteObjects: 0.011400 ms)

========================================================================
Received Prepare
Registering precompiled user dll's ...
Registered in 0.000822 seconds.
Begin MonoManager ReloadAssembly
Native extension for WindowsStandalone target not found
Native extension for WebGL target not found
Refreshing native plugins compatible for Editor in 0.19 ms, found 0 plugins.
Preloading 0 native plugins for Editor in 0.00 ms.
Mono: successfully reloaded assembly
- Completed reload, in  0.723 seconds
Platform modules already initialized, skipping
Refreshing native plugins compatible for Editor in 0.20 ms, found 0 plugins.
Preloading 0 native plugins for Editor in 0.00 ms.
Unloading 1118 Unused Serialized files (Serialized files now loaded: 0)
System memory in use before: 57.5 MB.
System memory in use after: 57.6 MB.

Unloading 4 unused Assets to reduce memory usage. Loaded Objects now: 1588.
Total: 1.669900 ms (FindLiveObjects: 0.242500 ms CreateObjectMapping: 0.100000 ms MarkObjects: 1.313200 ms  DeleteObjects: 0.013300 ms)

========================================================================
Received Import Request.
  Time since last request: 127.084802 seconds.
  path: Assets/Scripts/Environment/FakeGoldScript.cs
  artifactKey: Guid(0bd2d74340e1e36498e27787bbfb7f6f) Importer(815301076,1909f56bfc062723c751e8b465ee728b)
Start importing Assets/Scripts/Environment/FakeGoldScript.cs using Guid(0bd2d74340e1e36498e27787bbfb7f6f) Importer(815301076,1909f56bfc062723c751e8b465ee728b)  -> (artifact id: 'd93b6f0506b5328f62a1ef89a1fc8472') in 0.007222 seconds
  Import took 0.009891 seconds .

========================================================================
Received Import Request.
  Time since last request: 1.665385 seconds.
  path: Assets/Materials/CaveWallMaterial.mat
  artifactKey: Guid(524575140caaba64d8956d77778ed7af) Importer(815301076,1909f56bfc062723c751e8b465ee728b)
Start importing Assets/Materials/CaveWallMaterial.mat using Guid(524575140caaba64d8956d77778ed7af) Importer(815301076,1909f56bfc062723c751e8b465ee728b)  -> (artifact id: '88d2acd8f936a02b676471ce68e8db00') in 0.368281 seconds
  Import took 0.382856 seconds .

========================================================================
Received Import Request.
  Time since last request: 11.421562 seconds.
  path: Assets/Materials/FakeGoldMaterial.mat
  artifactKey: Guid(2d4e1bf77e7a7c64295af76987ab22c6) Importer(815301076,1909f56bfc062723c751e8b465ee728b)
Start importing Assets/Materials/FakeGoldMaterial.mat using Guid(2d4e1bf77e7a7c64295af76987ab22c6) Importer(815301076,1909f56bfc062723c751e8b465ee728b)  -> (artifact id: 'dfea471f9ab6fa69e60c05e45d2675b5') in 0.016403 seconds
  Import took 0.018618 seconds .

========================================================================
Received Import Request.
  Time since last request: 31.851440 seconds.
  path: Assets/Materials/FakeGoldMaterial.mat
  artifactKey: Guid(2d4e1bf77e7a7c64295af76987ab22c6) Importer(815301076,1909f56bfc062723c751e8b465ee728b)
Start importing Assets/Materials/FakeGoldMaterial.mat using Guid(2d4e1bf77e7a7c64295af76987ab22c6) Importer(815301076,1909f56bfc062723c751e8b465ee728b)  -> (artifact id: '3dd15ba9b379bf4c34378bd13979f392') in 0.015771 seconds
  Import took 0.017832 seconds .

========================================================================
Received Prepare
Registering precompiled user dll's ...
Registered in 0.000880 seconds.
Begin MonoManager ReloadAssembly
Native extension for WindowsStandalone target not found
Native extension for WebGL target not found
Refreshing native plugins compatible for Editor in 0.25 ms, found 0 plugins.
Preloading 0 native plugins for Editor in 0.00 ms.
Mono: successfully reloaded assembly
- Completed reload, in  0.861 seconds
Platform modules already initialized, skipping
Refreshing native plugins compatible for Editor in 0.19 ms, found 0 plugins.
Preloading 0 native plugins for Editor in 0.00 ms.
Unloading 1118 Unused Serialized files (Serialized files now loaded: 0)
System memory in use before: 60.8 MB.
System memory in use after: 60.9 MB.

Unloading 4 unused Assets to reduce memory usage. Loaded Objects now: 1631.
Total: 1.666000 ms (FindLiveObjects: 0.212400 ms CreateObjectMapping: 0.048900 ms MarkObjects: 1.390300 ms  DeleteObjects: 0.013100 ms)

========================================================================
Received Import Request.
  Time since last request: 144.821022 seconds.
  path: Assets/Prefabs/Player.prefab
  artifactKey: Guid(8dc03269dd913954bae90da1b6a1df01) Importer(815301076,1909f56bfc062723c751e8b465ee728b)
Start importing Assets/Prefabs/Player.prefab using Guid(8dc03269dd913954bae90da1b6a1df01) Importer(815301076,1909f56bfc062723c751e8b465ee728b)  -> (artifact id: '0e4b45ed06e173fa98aa56d112bef413') in 0.085250 seconds
  Import took 0.088037 seconds .

========================================================================
Received Prepare
Registering precompiled user dll's ...
Registered in 0.001625 seconds.
Begin MonoManager ReloadAssembly
Native extension for WindowsStandalone target not found
Native extension for WebGL target not found
Refreshing native plugins compatible for Editor in 0.21 ms, found 0 plugins.
Preloading 0 native plugins for Editor in 0.00 ms.
Mono: successfully reloaded assembly
- Completed reload, in  1.146 seconds
Platform modules already initialized, skipping
Refreshing native plugins compatible for Editor in 0.26 ms, found 0 plugins.
Preloading 0 native plugins for Editor in 0.00 ms.
Unloading 1118 Unused Serialized files (Serialized files now loaded: 0)
System memory in use before: 60.8 MB.
System memory in use after: 60.9 MB.

Unloading 4 unused Assets to reduce memory usage. Loaded Objects now: 1638.
Total: 1.685300 ms (FindLiveObjects: 0.138700 ms CreateObjectMapping: 0.035800 ms MarkObjects: 1.495900 ms  DeleteObjects: 0.013700 ms)

========================================================================
Received Import Request.
  Time since last request: 783.785748 seconds.
  path: Assets/Meshes/HexWall.obj
  artifactKey: Guid(bfa2e65e197dad64d904b79e2ec8cf86) Importer(815301076,1909f56bfc062723c751e8b465ee728b)
Start importing Assets/Meshes/HexWall.obj using Guid(bfa2e65e197dad64d904b79e2ec8cf86) Importer(815301076,1909f56bfc062723c751e8b465ee728b)  -> (artifact id: '4ccaf467290e8a8e191b82b094a10886') in 0.148959 seconds
  Import took 0.151913 seconds .

========================================================================
Received Import Request.
  Time since last request: 1857.280824 seconds.
  path: Assets/Meshes/HexWall.obj
  artifactKey: Guid(bfa2e65e197dad64d904b79e2ec8cf86) Importer(815301076,1909f56bfc062723c751e8b465ee728b)
Start importing Assets/Meshes/HexWall.obj using Guid(bfa2e65e197dad64d904b79e2ec8cf86) Importer(815301076,1909f56bfc062723c751e8b465ee728b)  -> (artifact id: '57f7d7a3003d74b33c44aae64830ba7d') in 0.038124 seconds
  Import took 0.040725 seconds .

========================================================================
Received Import Request.
  Time since last request: 1458.968902 seconds.
  path: Assets/Meshes/HexWall.obj
  artifactKey: Guid(bfa2e65e197dad64d904b79e2ec8cf86) Importer(815301076,1909f56bfc062723c751e8b465ee728b)
Start importing Assets/Meshes/HexWall.obj using Guid(bfa2e65e197dad64d904b79e2ec8cf86) Importer(815301076,1909f56bfc062723c751e8b465ee728b)  -> (artifact id: '80165c6b566199bc0a35afb89becc183') in 0.030497 seconds
  Import took 0.032937 seconds .

========================================================================
Received Prepare
Registering precompiled user dll's ...
Registered in 0.001088 seconds.
Begin MonoManager ReloadAssembly
Native extension for WindowsStandalone target not found
Native extension for WebGL target not found
Refreshing native plugins compatible for Editor in 0.20 ms, found 0 plugins.
Preloading 0 native plugins for Editor in 0.00 ms.
Mono: successfully reloaded assembly
- Completed reload, in  0.877 seconds
Platform modules already initialized, skipping
Refreshing native plugins compatible for Editor in 0.19 ms, found 0 plugins.
Preloading 0 native plugins for Editor in 0.00 ms.
Unloading 1118 Unused Serialized files (Serialized files now loaded: 0)
System memory in use before: 61.0 MB.
System memory in use after: 61.1 MB.

Unloading 4 unused Assets to reduce memory usage. Loaded Objects now: 1645.
Total: 1.557700 ms (FindLiveObjects: 0.133600 ms CreateObjectMapping: 0.040200 ms MarkObjects: 1.368500 ms  DeleteObjects: 0.013700 ms)

========================================================================
Received Prepare
Registering precompiled user dll's ...
Registered in 0.000587 seconds.
Begin MonoManager ReloadAssembly
Native extension for WindowsStandalone target not found
Native extension for WebGL target not found
Refreshing native plugins compatible for Editor in 0.19 ms, found 0 plugins.
Preloading 0 native plugins for Editor in 0.00 ms.
Mono: successfully reloaded assembly
- Completed reload, in  0.702 seconds
Platform modules already initialized, skipping
Refreshing native plugins compatible for Editor in 0.19 ms, found 0 plugins.
Preloading 0 native plugins for Editor in 0.00 ms.
Unloading 1118 Unused Serialized files (Serialized files now loaded: 0)
System memory in use before: 61.0 MB.
System memory in use after: 61.1 MB.

Unloading 4 unused Assets to reduce memory usage. Loaded Objects now: 1648.
Total: 1.580400 ms (FindLiveObjects: 0.117900 ms CreateObjectMapping: 0.030800 ms MarkObjects: 1.419600 ms  DeleteObjects: 0.011200 ms)

========================================================================
Received Import Request.
  Time since last request: 421.976063 seconds.
  path: Assets/Materials/CaveWallMaterial2.mat
  artifactKey: Guid(103faa6e180993349b646c28749774c7) Importer(815301076,1909f56bfc062723c751e8b465ee728b)
Start importing Assets/Materials/CaveWallMaterial2.mat using Guid(103faa6e180993349b646c28749774c7) Importer(815301076,1909f56bfc062723c751e8b465ee728b)  -> (artifact id: '4295a205597ed5540b865c72a1889368') in 0.056795 seconds
  Import took 0.058902 seconds .

========================================================================
Received Prepare
Registering precompiled user dll's ...
Registered in 0.001164 seconds.
Begin MonoManager ReloadAssembly
Native extension for WindowsStandalone target not found
Native extension for WebGL target not found
Refreshing native plugins compatible for Editor in 0.19 ms, found 0 plugins.
Preloading 0 native plugins for Editor in 0.00 ms.
Mono: successfully reloaded assembly
- Completed reload, in  0.744 seconds
Platform modules already initialized, skipping
Refreshing native plugins compatible for Editor in 0.20 ms, found 0 plugins.
Preloading 0 native plugins for Editor in 0.00 ms.
Unloading 1118 Unused Serialized files (Serialized files now loaded: 0)
System memory in use before: 61.0 MB.
System memory in use after: 61.1 MB.

Unloading 4 unused Assets to reduce memory usage. Loaded Objects now: 1652.
Total: 2.315500 ms (FindLiveObjects: 0.160300 ms CreateObjectMapping: 0.033800 ms MarkObjects: 2.106000 ms  DeleteObjects: 0.013900 ms)

========================================================================
Received Import Request.
  Time since last request: 72.121495 seconds.
  path: Assets/Materials/CaveWallMaterial2.mat
  artifactKey: Guid(103faa6e180993349b646c28749774c7) Importer(815301076,1909f56bfc062723c751e8b465ee728b)
Start importing Assets/Materials/CaveWallMaterial2.mat using Guid(103faa6e180993349b646c28749774c7) Importer(815301076,1909f56bfc062723c751e8b465ee728b)  -> (artifact id: '0de785a75f8c8e0e9b6aa74c358295c6') in 0.073537 seconds
  Import took 0.075843 seconds .

========================================================================
Received Import Request.
  Time since last request: 2.999302 seconds.
  path: Assets/Prefabs/HexWall.prefab
  artifactKey: Guid(3aca0639aef5a744ea5b195a11658525) Importer(815301076,1909f56bfc062723c751e8b465ee728b)
Start importing Assets/Prefabs/HexWall.prefab using Guid(3aca0639aef5a744ea5b195a11658525) Importer(815301076,1909f56bfc062723c751e8b465ee728b)  -> (artifact id: '90ae834397b463db289a136f8a84f27b') in 0.028874 seconds
  Import took 0.030946 seconds .

========================================================================
Received Import Request.
  Time since last request: 0.009807 seconds.
  path: Assets/Prefabs/HexWall.prefab
  artifactKey: Guid(3aca0639aef5a744ea5b195a11658525) Importer(815301076,1909f56bfc062723c751e8b465ee728b)
Start importing Assets/Prefabs/HexWall.prefab using Guid(3aca0639aef5a744ea5b195a11658525) Importer(815301076,1909f56bfc062723c751e8b465ee728b)  -> (artifact id: '90ae834397b463db289a136f8a84f27b') in 0.013564 seconds
  Import took 0.016153 seconds .

========================================================================
Received Prepare
Registering precompiled user dll's ...
Registered in 0.000662 seconds.
Begin MonoManager ReloadAssembly
Native extension for WindowsStandalone target not found
Native extension for WebGL target not found
Refreshing native plugins compatible for Editor in 0.27 ms, found 0 plugins.
Preloading 0 native plugins for Editor in 0.00 ms.
Mono: successfully reloaded assembly
- Completed reload, in  0.857 seconds
Platform modules already initialized, skipping
Refreshing native plugins compatible for Editor in 0.21 ms, found 0 plugins.
Preloading 0 native plugins for Editor in 0.00 ms.
Unloading 1118 Unused Serialized files (Serialized files now loaded: 0)
System memory in use before: 61.0 MB.
System memory in use after: 61.1 MB.

Unloading 4 unused Assets to reduce memory usage. Loaded Objects now: 1656.
Total: 1.864300 ms (FindLiveObjects: 0.131600 ms CreateObjectMapping: 0.035900 ms MarkObjects: 1.680700 ms  DeleteObjects: 0.014600 ms)

========================================================================
Received Prepare
Registering precompiled user dll's ...
Registered in 0.000661 seconds.
Begin MonoManager ReloadAssembly
Native extension for WindowsStandalone target not found
Native extension for WebGL target not found
Refreshing native plugins compatible for Editor in 0.27 ms, found 0 plugins.
Preloading 0 native plugins for Editor in 0.00 ms.
Mono: successfully reloaded assembly
- Completed reload, in  0.968 seconds
Platform modules already initialized, skipping
Refreshing native plugins compatible for Editor in 0.20 ms, found 0 plugins.
Preloading 0 native plugins for Editor in 0.00 ms.
Unloading 1118 Unused Serialized files (Serialized files now loaded: 0)
System memory in use before: 61.0 MB.
System memory in use after: 61.1 MB.

Unloading 4 unused Assets to reduce memory usage. Loaded Objects now: 1659.
Total: 1.648100 ms (FindLiveObjects: 0.140300 ms CreateObjectMapping: 0.046500 ms MarkObjects: 1.432700 ms  DeleteObjects: 0.027500 ms)

========================================================================
Received Prepare
Registering precompiled user dll's ...
Registered in 0.000793 seconds.
Begin MonoManager ReloadAssembly
Native extension for WindowsStandalone target not found
Native extension for WebGL target not found
Refreshing native plugins compatible for Editor in 0.22 ms, found 0 plugins.
Preloading 0 native plugins for Editor in 0.00 ms.
Mono: successfully reloaded assembly
- Completed reload, in  0.864 seconds
Platform modules already initialized, skipping
Refreshing native plugins compatible for Editor in 0.19 ms, found 0 plugins.
Preloading 0 native plugins for Editor in 0.00 ms.
Unloading 1118 Unused Serialized files (Serialized files now loaded: 0)
System memory in use before: 61.0 MB.
System memory in use after: 61.1 MB.

Unloading 4 unused Assets to reduce memory usage. Loaded Objects now: 1662.
Total: 1.574600 ms (FindLiveObjects: 0.130800 ms CreateObjectMapping: 0.032900 ms MarkObjects: 1.396000 ms  DeleteObjects: 0.013900 ms)

========================================================================
Received Prepare
Registering precompiled user dll's ...
Registered in 0.000651 seconds.
Begin MonoManager ReloadAssembly
Native extension for WindowsStandalone target not found
Native extension for WebGL target not found
Refreshing native plugins compatible for Editor in 0.19 ms, found 0 plugins.
Preloading 0 native plugins for Editor in 0.00 ms.
Mono: successfully reloaded assembly
- Completed reload, in  0.736 seconds
Platform modules already initialized, skipping
Refreshing native plugins compatible for Editor in 0.18 ms, found 0 plugins.
Preloading 0 native plugins for Editor in 0.00 ms.
Unloading 1118 Unused Serialized files (Serialized files now loaded: 0)
System memory in use before: 61.0 MB.
System memory in use after: 61.1 MB.

Unloading 4 unused Assets to reduce memory usage. Loaded Objects now: 1665.
Total: 1.532900 ms (FindLiveObjects: 0.115100 ms CreateObjectMapping: 0.044700 ms MarkObjects: 1.359200 ms  DeleteObjects: 0.013000 ms)

========================================================================
Received Prepare
Registering precompiled user dll's ...
Registered in 0.000800 seconds.
Begin MonoManager ReloadAssembly
Native extension for WindowsStandalone target not found
Native extension for WebGL target not found
Refreshing native plugins compatible for Editor in 0.28 ms, found 0 plugins.
Preloading 0 native plugins for Editor in 0.00 ms.
Mono: successfully reloaded assembly
- Completed reload, in  0.811 seconds
Platform modules already initialized, skipping
Refreshing native plugins compatible for Editor in 0.20 ms, found 0 plugins.
Preloading 0 native plugins for Editor in 0.00 ms.
Unloading 1118 Unused Serialized files (Serialized files now loaded: 0)
System memory in use before: 61.0 MB.
System memory in use after: 61.1 MB.

Unloading 4 unused Assets to reduce memory usage. Loaded Objects now: 1668.
Total: 1.663000 ms (FindLiveObjects: 0.201700 ms CreateObjectMapping: 0.047300 ms MarkObjects: 1.397700 ms  DeleteObjects: 0.015300 ms)

========================================================================
Received Import Request.
  Time since last request: 4586.113309 seconds.
  path: Assets/Materials/HexMaterial1.mat
  artifactKey: Guid(a02d3dfcf8cad144bbffa399d86ad832) Importer(815301076,1909f56bfc062723c751e8b465ee728b)
Start importing Assets/Materials/HexMaterial1.mat using Guid(a02d3dfcf8cad144bbffa399d86ad832) Importer(815301076,1909f56bfc062723c751e8b465ee728b)  -> (artifact id: '1a6ae2b085d4ce3e79470f854324193a') in 0.084627 seconds
  Import took 0.104698 seconds .

========================================================================
Received Import Request.
  Time since last request: 1.912811 seconds.
  path: Assets/Materials/HexMaterial1 1.mat
  artifactKey: Guid(4328eb7d387d22c49ad8d538dbe8d2b6) Importer(815301076,1909f56bfc062723c751e8b465ee728b)
Start importing Assets/Materials/HexMaterial1 1.mat using Guid(4328eb7d387d22c49ad8d538dbe8d2b6) Importer(815301076,1909f56bfc062723c751e8b465ee728b)  -> (artifact id: '011ed983b141fc16febe892dbe859715') in 0.020817 seconds
  Import took 0.022684 seconds .

========================================================================
Received Import Request.
  Time since last request: 8.717613 seconds.
  path: Assets/Materials/HexMaterial2.mat
  artifactKey: Guid(b2de0fe596933bb4cb160f8700166ccc) Importer(815301076,1909f56bfc062723c751e8b465ee728b)
Start importing Assets/Materials/HexMaterial2.mat using Guid(b2de0fe596933bb4cb160f8700166ccc) Importer(815301076,1909f56bfc062723c751e8b465ee728b)  -> (artifact id: '85778a1a4305b633f9ef01faccbd46d0') in 0.012770 seconds
  Import took 0.015220 seconds .

========================================================================
Received Import Request.
  Time since last request: 9.501390 seconds.
  path: Assets/Materials/HexMaterial3.mat
  artifactKey: Guid(4328eb7d387d22c49ad8d538dbe8d2b6) Importer(815301076,1909f56bfc062723c751e8b465ee728b)
Start importing Assets/Materials/HexMaterial3.mat using Guid(4328eb7d387d22c49ad8d538dbe8d2b6) Importer(815301076,1909f56bfc062723c751e8b465ee728b)  -> (artifact id: '6dcb75864bbaa0631c891189b50f1f13') in 0.012041 seconds
  Import took 0.014162 seconds .

========================================================================
Received Import Request.
  Time since last request: 49.634163 seconds.
  path: Assets/Materials/HexMaterial1.mat
  artifactKey: Guid(a02d3dfcf8cad144bbffa399d86ad832) Importer(815301076,1909f56bfc062723c751e8b465ee728b)
Start importing Assets/Materials/HexMaterial1.mat using Guid(a02d3dfcf8cad144bbffa399d86ad832) Importer(815301076,1909f56bfc062723c751e8b465ee728b)  -> (artifact id: 'c7616d761c6e8abbb9dece824b8abf76') in 0.017846 seconds
  Import took 0.020164 seconds .

========================================================================
Received Import Request.
  Time since last request: 0.000145 seconds.
  path: Assets/Materials/HexMaterial3.mat
  artifactKey: Guid(4328eb7d387d22c49ad8d538dbe8d2b6) Importer(815301076,1909f56bfc062723c751e8b465ee728b)
Start importing Assets/Materials/HexMaterial3.mat using Guid(4328eb7d387d22c49ad8d538dbe8d2b6) Importer(815301076,1909f56bfc062723c751e8b465ee728b)  -> (artifact id: '86888410bab2d8571c0bb479f1339428') in 0.018680 seconds
  Import took 0.020581 seconds .

========================================================================
Received Import Request.
  Time since last request: 0.000196 seconds.
  path: Assets/Materials/HexMaterial2.mat
  artifactKey: Guid(b2de0fe596933bb4cb160f8700166ccc) Importer(815301076,1909f56bfc062723c751e8b465ee728b)
Start importing Assets/Materials/HexMaterial2.mat using Guid(b2de0fe596933bb4cb160f8700166ccc) Importer(815301076,1909f56bfc062723c751e8b465ee728b)  -> (artifact id: 'f00cbd090727ddd6f31114e7a76ca5d9') in 0.017825 seconds
  Import took 0.020707 seconds .

========================================================================
Received Prepare
Registering precompiled user dll's ...
Registered in 0.000637 seconds.
Begin MonoManager ReloadAssembly
Native extension for WindowsStandalone target not found
Native extension for WebGL target not found
Refreshing native plugins compatible for Editor in 0.19 ms, found 0 plugins.
Preloading 0 native plugins for Editor in 0.00 ms.
Mono: successfully reloaded assembly
- Completed reload, in  0.705 seconds
Platform modules already initialized, skipping
Refreshing native plugins compatible for Editor in 0.18 ms, found 0 plugins.
Preloading 0 native plugins for Editor in 0.00 ms.
Unloading 1119 Unused Serialized files (Serialized files now loaded: 0)
System memory in use before: 61.1 MB.
System memory in use after: 61.2 MB.

Unloading 4 unused Assets to reduce memory usage. Loaded Objects now: 1673.
Total: 1.449800 ms (FindLiveObjects: 0.119600 ms CreateObjectMapping: 0.033400 ms MarkObjects: 1.266900 ms  DeleteObjects: 0.012400 ms)

========================================================================
Received Prepare
Registering precompiled user dll's ...
Registered in 0.000638 seconds.
Begin MonoManager ReloadAssembly
Native extension for WindowsStandalone target not found
Native extension for WebGL target not found
Refreshing native plugins compatible for Editor in 0.19 ms, found 0 plugins.
Preloading 0 native plugins for Editor in 0.00 ms.
Mono: successfully reloaded assembly
- Completed reload, in  0.740 seconds
Platform modules already initialized, skipping
Refreshing native plugins compatible for Editor in 0.18 ms, found 0 plugins.
Preloading 0 native plugins for Editor in 0.00 ms.
Unloading 1119 Unused Serialized files (Serialized files now loaded: 0)
System memory in use before: 61.1 MB.
System memory in use after: 61.2 MB.

Unloading 4 unused Assets to reduce memory usage. Loaded Objects now: 1676.
Total: 1.576000 ms (FindLiveObjects: 0.127600 ms CreateObjectMapping: 0.030300 ms MarkObjects: 1.405000 ms  DeleteObjects: 0.012200 ms)

========================================================================
Received Import Request.
  Time since last request: 331.661810 seconds.
  path: Assets/Prefabs/HexWall.prefab
  artifactKey: Guid(3aca0639aef5a744ea5b195a11658525) Importer(815301076,1909f56bfc062723c751e8b465ee728b)
Start importing Assets/Prefabs/HexWall.prefab using Guid(3aca0639aef5a744ea5b195a11658525) Importer(815301076,1909f56bfc062723c751e8b465ee728b)  -> (artifact id: '424b7f8561eda257caa77cfad87f14da') in 0.052804 seconds
  Import took 0.054641 seconds .

========================================================================
Received Import Request.
  Time since last request: 20.856695 seconds.
  path: Assets/Prefabs/HexWall.prefab
  artifactKey: Guid(3aca0639aef5a744ea5b195a11658525) Importer(815301076,1909f56bfc062723c751e8b465ee728b)
Start importing Assets/Prefabs/HexWall.prefab using Guid(3aca0639aef5a744ea5b195a11658525) Importer(815301076,1909f56bfc062723c751e8b465ee728b)  -> (artifact id: '0897dd919bacc85971e03c397498d55f') in 0.017014 seconds
  Import took 0.019161 seconds .

========================================================================
Received Import Request.
  Time since last request: 3.874007 seconds.
  path: Assets/Prefabs/HexWall.prefab
  artifactKey: Guid(3aca0639aef5a744ea5b195a11658525) Importer(815301076,1909f56bfc062723c751e8b465ee728b)
Start importing Assets/Prefabs/HexWall.prefab using Guid(3aca0639aef5a744ea5b195a11658525) Importer(815301076,1909f56bfc062723c751e8b465ee728b)  -> (artifact id: 'cc67a18adad2bed269c0133182cc7956') in 0.012946 seconds
  Import took 0.015011 seconds .

========================================================================
Received Import Request.
  Time since last request: 2.257517 seconds.
  path: Assets/Prefabs/HexWall.prefab
  artifactKey: Guid(3aca0639aef5a744ea5b195a11658525) Importer(815301076,1909f56bfc062723c751e8b465ee728b)
Start importing Assets/Prefabs/HexWall.prefab using Guid(3aca0639aef5a744ea5b195a11658525) Importer(815301076,1909f56bfc062723c751e8b465ee728b)  -> (artifact id: 'c78b158ac672bb04b0080c54ddb0d5e0') in 0.022415 seconds
  Import took 0.026650 seconds .

========================================================================
Received Prepare
Registering precompiled user dll's ...
Registered in 0.000619 seconds.
Begin MonoManager ReloadAssembly
Native extension for WindowsStandalone target not found
Native extension for WebGL target not found
Refreshing native plugins compatible for Editor in 0.19 ms, found 0 plugins.
Preloading 0 native plugins for Editor in 0.00 ms.
Mono: successfully reloaded assembly
- Completed reload, in  0.741 seconds
Platform modules already initialized, skipping
Refreshing native plugins compatible for Editor in 0.21 ms, found 0 plugins.
Preloading 0 native plugins for Editor in 0.00 ms.
Unloading 1119 Unused Serialized files (Serialized files now loaded: 0)
System memory in use before: 61.1 MB.
System memory in use after: 61.2 MB.

Unloading 4 unused Assets to reduce memory usage. Loaded Objects now: 1680.
Total: 1.829300 ms (FindLiveObjects: 0.138100 ms CreateObjectMapping: 0.038700 ms MarkObjects: 1.635100 ms  DeleteObjects: 0.016000 ms)

========================================================================
Received Prepare
Registering precompiled user dll's ...
Registered in 0.000610 seconds.
Begin MonoManager ReloadAssembly
Native extension for WindowsStandalone target not found
Native extension for WebGL target not found
Refreshing native plugins compatible for Editor in 0.23 ms, found 0 plugins.
Preloading 0 native plugins for Editor in 0.00 ms.
Mono: successfully reloaded assembly
- Completed reload, in  0.748 seconds
Platform modules already initialized, skipping
Refreshing native plugins compatible for Editor in 0.19 ms, found 0 plugins.
Preloading 0 native plugins for Editor in 0.00 ms.
Unloading 1119 Unused Serialized files (Serialized files now loaded: 0)
System memory in use before: 61.1 MB.
System memory in use after: 61.2 MB.

Unloading 4 unused Assets to reduce memory usage. Loaded Objects now: 1683.
Total: 1.444200 ms (FindLiveObjects: 0.125500 ms CreateObjectMapping: 0.034200 ms MarkObjects: 1.271600 ms  DeleteObjects: 0.012100 ms)

========================================================================
Received Prepare
Registering precompiled user dll's ...
Registered in 0.000724 seconds.
Begin MonoManager ReloadAssembly
Native extension for WindowsStandalone target not found
Native extension for WebGL target not found
Refreshing native plugins compatible for Editor in 0.24 ms, found 0 plugins.
Preloading 0 native plugins for Editor in 0.00 ms.
Mono: successfully reloaded assembly
- Completed reload, in  0.771 seconds
Platform modules already initialized, skipping
Refreshing native plugins compatible for Editor in 0.20 ms, found 0 plugins.
Preloading 0 native plugins for Editor in 0.00 ms.
Unloading 1119 Unused Serialized files (Serialized files now loaded: 0)
System memory in use before: 61.1 MB.
System memory in use after: 61.2 MB.

Unloading 4 unused Assets to reduce memory usage. Loaded Objects now: 1686.
Total: 1.524300 ms (FindLiveObjects: 0.113300 ms CreateObjectMapping: 0.029200 ms MarkObjects: 1.368800 ms  DeleteObjects: 0.012400 ms)

========================================================================
Received Prepare
Registering precompiled user dll's ...
Registered in 0.000683 seconds.
Begin MonoManager ReloadAssembly
Native extension for WindowsStandalone target not found
Native extension for WebGL target not found
Refreshing native plugins compatible for Editor in 0.22 ms, found 0 plugins.
Preloading 0 native plugins for Editor in 0.00 ms.
Mono: successfully reloaded assembly
- Completed reload, in  0.785 seconds
Platform modules already initialized, skipping
Refreshing native plugins compatible for Editor in 0.19 ms, found 0 plugins.
Preloading 0 native plugins for Editor in 0.00 ms.
Unloading 1119 Unused Serialized files (Serialized files now loaded: 0)
System memory in use before: 61.1 MB.
System memory in use after: 61.2 MB.

Unloading 4 unused Assets to reduce memory usage. Loaded Objects now: 1689.
Total: 1.677400 ms (FindLiveObjects: 0.141900 ms CreateObjectMapping: 0.033800 ms MarkObjects: 1.486200 ms  DeleteObjects: 0.014100 ms)

========================================================================
Received Import Request.
  Time since last request: 476.089738 seconds.
  path: Assets/Prefabs/Gold.prefab
  artifactKey: Guid(ae281b5c0cdf907409d189aff08a0a10) Importer(815301076,1909f56bfc062723c751e8b465ee728b)
Start importing Assets/Prefabs/Gold.prefab using Guid(ae281b5c0cdf907409d189aff08a0a10) Importer(815301076,1909f56bfc062723c751e8b465ee728b)  -> (artifact id: 'cf1f664db10e0e7944e54b74fbbcdf89') in 0.068938 seconds
  Import took 0.071349 seconds .

========================================================================
Received Import Request.
  Time since last request: 2.161832 seconds.
  path: Assets/Prefabs/FakeGold.prefab
  artifactKey: Guid(1b299b0e718fc37469cdc89ae5662bd3) Importer(815301076,1909f56bfc062723c751e8b465ee728b)
Start importing Assets/Prefabs/FakeGold.prefab using Guid(1b299b0e718fc37469cdc89ae5662bd3) Importer(815301076,1909f56bfc062723c751e8b465ee728b)  -> (artifact id: '1cf4da752e00e362c280909c19237976') in 0.020701 seconds
  Import took 0.022831 seconds .

========================================================================
Received Import Request.
  Time since last request: 0.008666 seconds.
  path: Assets/Prefabs/FakeGold.prefab
  artifactKey: Guid(1b299b0e718fc37469cdc89ae5662bd3) Importer(815301076,1909f56bfc062723c751e8b465ee728b)
Start importing Assets/Prefabs/FakeGold.prefab using Guid(1b299b0e718fc37469cdc89ae5662bd3) Importer(815301076,1909f56bfc062723c751e8b465ee728b)  -> (artifact id: '1cf4da752e00e362c280909c19237976') in 0.027037 seconds
  Import took 0.029843 seconds .

========================================================================
Received Import Request.
  Time since last request: 26.799705 seconds.
  path: Assets/Prefabs/CavnasCamera.prefab
  artifactKey: Guid(9e10e85f8bbdbb04286ce038d2c0b7b9) Importer(815301076,1909f56bfc062723c751e8b465ee728b)
Start importing Assets/Prefabs/CavnasCamera.prefab using Guid(9e10e85f8bbdbb04286ce038d2c0b7b9) Importer(815301076,1909f56bfc062723c751e8b465ee728b)  -> (artifact id: 'fbde1cd7c3dcd852da3aced06761f473') in 0.028805 seconds
  Import took 0.033771 seconds .

========================================================================
Received Prepare
Registering precompiled user dll's ...
Registered in 0.000772 seconds.
Begin MonoManager ReloadAssembly
Native extension for WindowsStandalone target not found
Native extension for WebGL target not found
Refreshing native plugins compatible for Editor in 0.19 ms, found 0 plugins.
Preloading 0 native plugins for Editor in 0.00 ms.
Mono: successfully reloaded assembly
- Completed reload, in  0.740 seconds
Platform modules already initialized, skipping
Refreshing native plugins compatible for Editor in 0.18 ms, found 0 plugins.
Preloading 0 native plugins for Editor in 0.00 ms.
Unloading 1119 Unused Serialized files (Serialized files now loaded: 0)
System memory in use before: 61.1 MB.
System memory in use after: 61.2 MB.

Unloading 5 unused Assets to reduce memory usage. Loaded Objects now: 1693.
Total: 1.503200 ms (FindLiveObjects: 0.120100 ms CreateObjectMapping: 0.032600 ms MarkObjects: 1.333200 ms  DeleteObjects: 0.016500 ms)

========================================================================
Received Prepare
Registering precompiled user dll's ...
Registered in 0.000885 seconds.
Begin MonoManager ReloadAssembly
Native extension for WindowsStandalone target not found
Native extension for WebGL target not found
Refreshing native plugins compatible for Editor in 0.20 ms, found 0 plugins.
Preloading 0 native plugins for Editor in 0.00 ms.
Mono: successfully reloaded assembly
- Completed reload, in  0.870 seconds
Platform modules already initialized, skipping
Refreshing native plugins compatible for Editor in 0.21 ms, found 0 plugins.
Preloading 0 native plugins for Editor in 0.00 ms.
Unloading 1119 Unused Serialized files (Serialized files now loaded: 0)
System memory in use before: 61.1 MB.
System memory in use after: 61.2 MB.

Unloading 4 unused Assets to reduce memory usage. Loaded Objects now: 1696.
Total: 1.653800 ms (FindLiveObjects: 0.134300 ms CreateObjectMapping: 0.037500 ms MarkObjects: 1.467300 ms  DeleteObjects: 0.013700 ms)

========================================================================
Received Import Request.
  Time since last request: 124.624629 seconds.
  path: Assets/Prefabs/Gold.prefab
  artifactKey: Guid(ae281b5c0cdf907409d189aff08a0a10) Importer(815301076,1909f56bfc062723c751e8b465ee728b)
Start importing Assets/Prefabs/Gold.prefab using Guid(ae281b5c0cdf907409d189aff08a0a10) Importer(815301076,1909f56bfc062723c751e8b465ee728b)  -> (artifact id: 'a90dcdd3cf25369c335b5908b4ab6f08') in 0.066348 seconds
  Import took 0.068700 seconds .

========================================================================
Received Import Request.
  Time since last request: 3.707740 seconds.
  path: Assets/Prefabs/Gold.prefab
  artifactKey: Guid(ae281b5c0cdf907409d189aff08a0a10) Importer(815301076,1909f56bfc062723c751e8b465ee728b)
Start importing Assets/Prefabs/Gold.prefab using Guid(ae281b5c0cdf907409d189aff08a0a10) Importer(815301076,1909f56bfc062723c751e8b465ee728b)  -> (artifact id: 'a6376291c99171d33c943ff898ebbf95') in 0.020608 seconds
  Import took 0.023092 seconds .

========================================================================
Received Import Request.
  Time since last request: 1.386907 seconds.
  path: Assets/Prefabs/Gold.prefab
  artifactKey: Guid(ae281b5c0cdf907409d189aff08a0a10) Importer(815301076,1909f56bfc062723c751e8b465ee728b)
Start importing Assets/Prefabs/Gold.prefab using Guid(ae281b5c0cdf907409d189aff08a0a10) Importer(815301076,1909f56bfc062723c751e8b465ee728b)  -> (artifact id: '44f6add86cc7dc164c94b11a8ae3b66f') in 0.024720 seconds
  Import took 0.047426 seconds .

========================================================================
Received Import Request.
  Time since last request: 194.551233 seconds.
  path: Assets/Prefabs/Gold.prefab
  artifactKey: Guid(ae281b5c0cdf907409d189aff08a0a10) Importer(815301076,1909f56bfc062723c751e8b465ee728b)
Start importing Assets/Prefabs/Gold.prefab using Guid(ae281b5c0cdf907409d189aff08a0a10) Importer(815301076,1909f56bfc062723c751e8b465ee728b)  -> (artifact id: '4795be8160ce8e67597f693ffb0a7aba') in 0.020161 seconds
  Import took 0.022998 seconds .

========================================================================
Received Import Request.
  Time since last request: 1.989322 seconds.
  path: Assets/Prefabs/Gold.prefab
  artifactKey: Guid(ae281b5c0cdf907409d189aff08a0a10) Importer(815301076,1909f56bfc062723c751e8b465ee728b)
Start importing Assets/Prefabs/Gold.prefab using Guid(ae281b5c0cdf907409d189aff08a0a10) Importer(815301076,1909f56bfc062723c751e8b465ee728b)  -> (artifact id: 'cc38116c321063976976a9bfa04416d7') in 0.010561 seconds
  Import took 0.012759 seconds .

========================================================================
Received Import Request.
  Time since last request: 19.043384 seconds.
  path: Assets/Prefabs/Gold.prefab
  artifactKey: Guid(ae281b5c0cdf907409d189aff08a0a10) Importer(815301076,1909f56bfc062723c751e8b465ee728b)
Start importing Assets/Prefabs/Gold.prefab using Guid(ae281b5c0cdf907409d189aff08a0a10) Importer(815301076,1909f56bfc062723c751e8b465ee728b)  -> (artifact id: 'c5fef6a603911a70646d849df0277db4') in 0.012879 seconds
  Import took 0.015652 seconds .

========================================================================
Received Import Request.
  Time since last request: 93.998766 seconds.
  path: Assets/Prefabs/Gold.prefab
  artifactKey: Guid(ae281b5c0cdf907409d189aff08a0a10) Importer(815301076,1909f56bfc062723c751e8b465ee728b)
Start importing Assets/Prefabs/Gold.prefab using Guid(ae281b5c0cdf907409d189aff08a0a10) Importer(815301076,1909f56bfc062723c751e8b465ee728b)  -> (artifact id: '6f8f21656b7933b64ab055d33ea757cf') in 0.013031 seconds
  Import took 0.015245 seconds .

========================================================================
Received Import Request.
  Time since last request: 35.488233 seconds.
  path: Assets/Prefabs/Gold.prefab
  artifactKey: Guid(ae281b5c0cdf907409d189aff08a0a10) Importer(815301076,1909f56bfc062723c751e8b465ee728b)
Start importing Assets/Prefabs/Gold.prefab using Guid(ae281b5c0cdf907409d189aff08a0a10) Importer(815301076,1909f56bfc062723c751e8b465ee728b)  -> (artifact id: 'df8364c182ab465070cba5e0d5fb94cb') in 0.013125 seconds
  Import took 0.015680 seconds .

========================================================================
Received Prepare
Registering precompiled user dll's ...
Registered in 0.000647 seconds.
Begin MonoManager ReloadAssembly
Native extension for WindowsStandalone target not found
Native extension for WebGL target not found
Refreshing native plugins compatible for Editor in 0.19 ms, found 0 plugins.
Preloading 0 native plugins for Editor in 0.00 ms.
Mono: successfully reloaded assembly
- Completed reload, in  0.799 seconds
Platform modules already initialized, skipping
Refreshing native plugins compatible for Editor in 0.19 ms, found 0 plugins.
Preloading 0 native plugins for Editor in 0.00 ms.
Unloading 1119 Unused Serialized files (Serialized files now loaded: 0)
System memory in use before: 61.2 MB.
System memory in use after: 61.2 MB.

Unloading 4 unused Assets to reduce memory usage. Loaded Objects now: 1700.
Total: 1.782800 ms (FindLiveObjects: 0.124000 ms CreateObjectMapping: 0.218600 ms MarkObjects: 1.424800 ms  DeleteObjects: 0.014100 ms)

========================================================================
Received Import Request.
  Time since last request: 344.936810 seconds.
  path: Assets/Prefabs/FakeGold.prefab
  artifactKey: Guid(1b299b0e718fc37469cdc89ae5662bd3) Importer(815301076,1909f56bfc062723c751e8b465ee728b)
Start importing Assets/Prefabs/FakeGold.prefab using Guid(1b299b0e718fc37469cdc89ae5662bd3) Importer(815301076,1909f56bfc062723c751e8b465ee728b)  -> (artifact id: '355be9b7d8e597a1e331b7c11e1b8286') in 0.073974 seconds
  Import took 0.076632 seconds .

========================================================================
Received Import Request.
  Time since last request: 2.514093 seconds.
  path: Assets/Prefabs/FakeGold.prefab
  artifactKey: Guid(1b299b0e718fc37469cdc89ae5662bd3) Importer(815301076,1909f56bfc062723c751e8b465ee728b)
Start importing Assets/Prefabs/FakeGold.prefab using Guid(1b299b0e718fc37469cdc89ae5662bd3) Importer(815301076,1909f56bfc062723c751e8b465ee728b)  -> (artifact id: '75f589ab3094a8a92f019540694ecd00') in 0.011333 seconds
  Import took 0.013598 seconds .

========================================================================
Received Import Request.
  Time since last request: 4.029984 seconds.
  path: Assets/Prefabs/FakeGold.prefab
  artifactKey: Guid(1b299b0e718fc37469cdc89ae5662bd3) Importer(815301076,1909f56bfc062723c751e8b465ee728b)
Start importing Assets/Prefabs/FakeGold.prefab using Guid(1b299b0e718fc37469cdc89ae5662bd3) Importer(815301076,1909f56bfc062723c751e8b465ee728b)  -> (artifact id: '466780d0a0c48ce9d75732a74f57ab5e') in 0.026022 seconds
  Import took 0.028029 seconds .

========================================================================
Received Import Request.
  Time since last request: 1.783076 seconds.
  path: Assets/Prefabs/FakeGold.prefab
  artifactKey: Guid(1b299b0e718fc37469cdc89ae5662bd3) Importer(815301076,1909f56bfc062723c751e8b465ee728b)
Start importing Assets/Prefabs/FakeGold.prefab using Guid(1b299b0e718fc37469cdc89ae5662bd3) Importer(815301076,1909f56bfc062723c751e8b465ee728b)  -> (artifact id: '3d5b429c4c704d1f8629311c336c895b') in 0.010966 seconds
  Import took 0.013072 seconds .

========================================================================
Received Import Request.
  Time since last request: 4.630305 seconds.
  path: Assets/Prefabs/FakeGold.prefab
  artifactKey: Guid(1b299b0e718fc37469cdc89ae5662bd3) Importer(815301076,1909f56bfc062723c751e8b465ee728b)
Start importing Assets/Prefabs/FakeGold.prefab using Guid(1b299b0e718fc37469cdc89ae5662bd3) Importer(815301076,1909f56bfc062723c751e8b465ee728b)  -> (artifact id: '0610c5886799023d73f8155bacf85492') in 0.010799 seconds
  Import took 0.013757 seconds .

========================================================================
Received Prepare
Registering precompiled user dll's ...
Registered in 0.001393 seconds.
Begin MonoManager ReloadAssembly
Native extension for WindowsStandalone target not found
Native extension for WebGL target not found
Refreshing native plugins compatible for Editor in 0.32 ms, found 0 plugins.
Preloading 0 native plugins for Editor in 0.00 ms.
Mono: successfully reloaded assembly
- Completed reload, in  0.947 seconds
Platform modules already initialized, skipping
Refreshing native plugins compatible for Editor in 0.22 ms, found 0 plugins.
Preloading 0 native plugins for Editor in 0.00 ms.
Unloading 1119 Unused Serialized files (Serialized files now loaded: 0)
System memory in use before: 61.2 MB.
System memory in use after: 61.3 MB.

Unloading 4 unused Assets to reduce memory usage. Loaded Objects now: 1704.
Total: 1.739000 ms (FindLiveObjects: 0.194300 ms CreateObjectMapping: 0.056700 ms MarkObjects: 1.472400 ms  DeleteObjects: 0.014100 ms)

========================================================================
Received Prepare
Registering precompiled user dll's ...
Registered in 0.000696 seconds.
Begin MonoManager ReloadAssembly
Native extension for WindowsStandalone target not found
Native extension for WebGL target not found
Refreshing native plugins compatible for Editor in 0.20 ms, found 0 plugins.
Preloading 0 native plugins for Editor in 0.00 ms.
Mono: successfully reloaded assembly
- Completed reload, in  0.718 seconds
Platform modules already initialized, skipping
Refreshing native plugins compatible for Editor in 0.20 ms, found 0 plugins.
Preloading 0 native plugins for Editor in 0.00 ms.
Unloading 1119 Unused Serialized files (Serialized files now loaded: 0)
System memory in use before: 61.2 MB.
System memory in use after: 61.3 MB.

Unloading 4 unused Assets to reduce memory usage. Loaded Objects now: 1707.
Total: 1.576700 ms (FindLiveObjects: 0.132500 ms CreateObjectMapping: 0.037300 ms MarkObjects: 1.392100 ms  DeleteObjects: 0.013400 ms)

========================================================================
Received Prepare
Registering precompiled user dll's ...
Registered in 0.000609 seconds.
Begin MonoManager ReloadAssembly
Native extension for WindowsStandalone target not found
Native extension for WebGL target not found
Refreshing native plugins compatible for Editor in 0.19 ms, found 0 plugins.
Preloading 0 native plugins for Editor in 0.00 ms.
Mono: successfully reloaded assembly
- Completed reload, in  0.797 seconds
Platform modules already initialized, skipping
Refreshing native plugins compatible for Editor in 0.19 ms, found 0 plugins.
Preloading 0 native plugins for Editor in 0.00 ms.
Unloading 1119 Unused Serialized files (Serialized files now loaded: 0)
System memory in use before: 61.2 MB.
System memory in use after: 61.3 MB.

Unloading 4 unused Assets to reduce memory usage. Loaded Objects now: 1710.
Total: 1.562400 ms (FindLiveObjects: 0.112900 ms CreateObjectMapping: 0.030000 ms MarkObjects: 1.406400 ms  DeleteObjects: 0.012100 ms)

========================================================================
Received Prepare
Registering precompiled user dll's ...
Registered in 0.000708 seconds.
Begin MonoManager ReloadAssembly
Native extension for WindowsStandalone target not found
Native extension for WebGL target not found
Refreshing native plugins compatible for Editor in 0.19 ms, found 0 plugins.
Preloading 0 native plugins for Editor in 0.00 ms.
Mono: successfully reloaded assembly
- Completed reload, in  0.705 seconds
Platform modules already initialized, skipping
Refreshing native plugins compatible for Editor in 0.20 ms, found 0 plugins.
Preloading 0 native plugins for Editor in 0.00 ms.
Unloading 1119 Unused Serialized files (Serialized files now loaded: 0)
System memory in use before: 61.2 MB.
System memory in use after: 61.3 MB.

Unloading 4 unused Assets to reduce memory usage. Loaded Objects now: 1713.
Total: 1.849000 ms (FindLiveObjects: 0.119200 ms CreateObjectMapping: 0.030800 ms MarkObjects: 1.684700 ms  DeleteObjects: 0.013500 ms)

========================================================================
Received Prepare
Registering precompiled user dll's ...
Registered in 0.000753 seconds.
Begin MonoManager ReloadAssembly
Native extension for WindowsStandalone target not found
Native extension for WebGL target not found
Refreshing native plugins compatible for Editor in 0.19 ms, found 0 plugins.
Preloading 0 native plugins for Editor in 0.00 ms.
Mono: successfully reloaded assembly
- Completed reload, in  0.986 seconds
Platform modules already initialized, skipping
Refreshing native plugins compatible for Editor in 0.18 ms, found 0 plugins.
Preloading 0 native plugins for Editor in 0.00 ms.
Unloading 1119 Unused Serialized files (Serialized files now loaded: 0)
System memory in use before: 61.2 MB.
System memory in use after: 61.3 MB.

Unloading 4 unused Assets to reduce memory usage. Loaded Objects now: 1716.
Total: 1.449700 ms (FindLiveObjects: 0.122400 ms CreateObjectMapping: 0.030800 ms MarkObjects: 1.283900 ms  DeleteObjects: 0.012000 ms)

AssetImportWorkerClient::OnTransportError - code=2 error=End of file
