Using pre-set license
Built from '2020.3/staging' branch; Version is '2020.3.9f1 (108be757e447) revision 1084391'; Using compiler version '192528614'; Build Type 'Release'
OS: 'Windows 10 Pro; OS build 18363.1500; Version 1909; 64bit' Language: 'pl' Physical Memory: 16348 MB
BatchMode: 1, IsHumanControllingUs: 0, StartBugReporterOnCrash: 0, Is64bit: 1, IsPro: 0

 COMMAND LINE ARGUMENTS:
D:\UntyHub\editor\2020.3.9f1\Editor\Unity.exe
-adb2
-batchMode
-noUpm
-name
AssetImportWorker1
-projectPath
D:/UnityProjects/projects/GoldJam
-logFile
Logs/AssetImportWorker1.log
-srvPort
49217
Successfully changed project path to: D:/UnityProjects/projects/GoldJam
D:/UnityProjects/projects/GoldJam
Using Asset Import Pipeline V2.
Refreshing native plugins compatible for Editor in 26.62 ms, found 0 plugins.
Preloading 0 native plugins for Editor in 0.00 ms.
Initialize engine version: 2020.3.9f1 (108be757e447)
[Subsystems] Discovering subsystems at path D:/UntyHub/editor/2020.3.9f1/Editor/Data/Resources/UnitySubsystems
[Subsystems] Discovering subsystems at path D:/UnityProjects/projects/GoldJam/Assets
GfxDevice: creating device client; threaded=0
Direct3D:
    Version:  Direct3D 11.0 [level 11.1]
    Renderer: AMD Radeon RX 5700 (ID=0x731f)
    Vendor:   
    VRAM:     8152 MB
    Driver:   27.20.14535.1000
Initialize mono
Mono path[0] = 'D:/UntyHub/editor/2020.3.9f1/Editor/Data/Managed'
Mono path[1] = 'D:/UntyHub/editor/2020.3.9f1/Editor/Data/MonoBleedingEdge/lib/mono/unityjit'
Mono config path = 'D:/UntyHub/editor/2020.3.9f1/Editor/Data/MonoBleedingEdge/etc'
Using monoOptions --debugger-agent=transport=dt_socket,embedding=1,server=y,suspend=n,address=127.0.0.1:56524
Begin MonoManager ReloadAssembly
Registering precompiled unity dll's ...
Register platform support module: D:/UntyHub/editor/2020.3.9f1/Editor/Data/PlaybackEngines/WebGLSupport/UnityEditor.WebGL.Extensions.dll
Register platform support module: D:/UntyHub/editor/2020.3.9f1/Editor/Data/PlaybackEngines/WindowsStandaloneSupport/UnityEditor.WindowsStandalone.Extensions.dll
Registered in 0.001459 seconds.
Native extension for WindowsStandalone target not found
Native extension for WebGL target not found
Refreshing native plugins compatible for Editor in 24.89 ms, found 0 plugins.
Preloading 0 native plugins for Editor in 0.00 ms.
Mono: successfully reloaded assembly
- Completed reload, in  1.760 seconds
Platform modules already initialized, skipping
Registering precompiled user dll's ...
Registered in 0.000696 seconds.
Begin MonoManager ReloadAssembly
Native extension for WindowsStandalone target not found
Native extension for WebGL target not found
Refreshing native plugins compatible for Editor in 0.21 ms, found 0 plugins.
Preloading 0 native plugins for Editor in 0.00 ms.
Mono: successfully reloaded assembly
- Completed reload, in  0.774 seconds
Platform modules already initialized, skipping
========================================================================
Worker process is ready to serve import requests
Launched and connected shader compiler UnityShaderCompiler.exe after 0.05 seconds
Refreshing native plugins compatible for Editor in 0.28 ms, found 0 plugins.
Preloading 0 native plugins for Editor in 0.00 ms.
Unloading 1247 Unused Serialized files (Serialized files now loaded: 0)
System memory in use before: 66.5 MB.
System memory in use after: 66.6 MB.

Unloading 9 unused Assets to reduce memory usage. Loaded Objects now: 1693.
Total: 1.535200 ms (FindLiveObjects: 0.112500 ms CreateObjectMapping: 0.029000 ms MarkObjects: 1.317200 ms  DeleteObjects: 0.075700 ms)

========================================================================
Received Import Request.
  path: Assets/PostProcess.asset
  artifactKey: Guid(9f30ffc00b9ca6041a2de5332094034b) Importer(815301076,1909f56bfc062723c751e8b465ee728b)
Start importing Assets/PostProcess.asset using Guid(9f30ffc00b9ca6041a2de5332094034b) Importer(815301076,1909f56bfc062723c751e8b465ee728b)  -> (artifact id: '4c206aab0c832a29bd7675fe7412f93e') in 0.265259 seconds
  Import took 0.267278 seconds .

========================================================================
Received Import Request.
  Time since last request: 41.480890 seconds.
  path: Assets/PostProcess.asset
  artifactKey: Guid(9f30ffc00b9ca6041a2de5332094034b) Importer(815301076,1909f56bfc062723c751e8b465ee728b)
Start importing Assets/PostProcess.asset using Guid(9f30ffc00b9ca6041a2de5332094034b) Importer(815301076,1909f56bfc062723c751e8b465ee728b)  -> (artifact id: '3ccf4cdce02da15449b1e9118aa5ac3f') in 0.011986 seconds
  Import took 0.014974 seconds .

========================================================================
Received Prepare
Registering precompiled user dll's ...
Registered in 0.000613 seconds.
Begin MonoManager ReloadAssembly
Native extension for WindowsStandalone target not found
Native extension for WebGL target not found
Refreshing native plugins compatible for Editor in 0.23 ms, found 0 plugins.
Preloading 0 native plugins for Editor in 0.00 ms.
Mono: successfully reloaded assembly
- Completed reload, in  0.798 seconds
Platform modules already initialized, skipping
Refreshing native plugins compatible for Editor in 0.22 ms, found 0 plugins.
Preloading 0 native plugins for Editor in 0.00 ms.
Unloading 1215 Unused Serialized files (Serialized files now loaded: 0)
System memory in use before: 63.8 MB.
System memory in use after: 63.9 MB.

Unloading 4 unused Assets to reduce memory usage. Loaded Objects now: 1696.
Total: 1.359800 ms (FindLiveObjects: 0.123500 ms CreateObjectMapping: 0.031700 ms MarkObjects: 1.190700 ms  DeleteObjects: 0.013000 ms)

========================================================================
Received Import Request.
  Time since last request: 57.885795 seconds.
  path: Assets/PostProcess.asset
  artifactKey: Guid(9f30ffc00b9ca6041a2de5332094034b) Importer(815301076,1909f56bfc062723c751e8b465ee728b)
Start importing Assets/PostProcess.asset using Guid(9f30ffc00b9ca6041a2de5332094034b) Importer(815301076,1909f56bfc062723c751e8b465ee728b)  -> (artifact id: 'b58146386d3006c5354a22ea86d5c30f') in 0.044059 seconds
  Import took 0.046794 seconds .

========================================================================
Received Import Request.
  Time since last request: 1.368960 seconds.
  path: Assets/PostProcess.asset
  artifactKey: Guid(9f30ffc00b9ca6041a2de5332094034b) Importer(815301076,1909f56bfc062723c751e8b465ee728b)
Start importing Assets/PostProcess.asset using Guid(9f30ffc00b9ca6041a2de5332094034b) Importer(815301076,1909f56bfc062723c751e8b465ee728b)  -> (artifact id: '53186066d68811c3448a34a5ae9abf6c') in 0.003918 seconds
  Import took 0.007784 seconds .

========================================================================
Received Prepare
Registering precompiled user dll's ...
Registered in 0.000844 seconds.
Begin MonoManager ReloadAssembly
Native extension for WindowsStandalone target not found
Native extension for WebGL target not found
Refreshing native plugins compatible for Editor in 0.25 ms, found 0 plugins.
Preloading 0 native plugins for Editor in 0.00 ms.
Mono: successfully reloaded assembly
- Completed reload, in  0.789 seconds
Platform modules already initialized, skipping
Refreshing native plugins compatible for Editor in 0.21 ms, found 0 plugins.
Preloading 0 native plugins for Editor in 0.00 ms.
Unloading 1215 Unused Serialized files (Serialized files now loaded: 0)
System memory in use before: 63.9 MB.
System memory in use after: 63.9 MB.

Unloading 4 unused Assets to reduce memory usage. Loaded Objects now: 1699.
Total: 2.565300 ms (FindLiveObjects: 0.283300 ms CreateObjectMapping: 0.048800 ms MarkObjects: 2.217400 ms  DeleteObjects: 0.014700 ms)

========================================================================
Received Import Request.
  Time since last request: 74.178950 seconds.
  path: Assets/PostProcess.asset
  artifactKey: Guid(9f30ffc00b9ca6041a2de5332094034b) Importer(815301076,1909f56bfc062723c751e8b465ee728b)
Start importing Assets/PostProcess.asset using Guid(9f30ffc00b9ca6041a2de5332094034b) Importer(815301076,1909f56bfc062723c751e8b465ee728b)  -> (artifact id: '8ba2a9c884cc3f1746c695e0f908f9d6') in 0.020813 seconds
  Import took 0.022636 seconds .

========================================================================
Received Prepare
Registering precompiled user dll's ...
Registered in 0.001060 seconds.
Begin MonoManager ReloadAssembly
Native extension for WindowsStandalone target not found
Native extension for WebGL target not found
Refreshing native plugins compatible for Editor in 0.22 ms, found 0 plugins.
Preloading 0 native plugins for Editor in 0.00 ms.
Mono: successfully reloaded assembly
- Completed reload, in  0.928 seconds
Platform modules already initialized, skipping
Refreshing native plugins compatible for Editor in 0.21 ms, found 0 plugins.
Preloading 0 native plugins for Editor in 0.00 ms.
Unloading 1215 Unused Serialized files (Serialized files now loaded: 0)
System memory in use before: 63.9 MB.
System memory in use after: 64.0 MB.

Unloading 4 unused Assets to reduce memory usage. Loaded Objects now: 1702.
Total: 1.485500 ms (FindLiveObjects: 0.129800 ms CreateObjectMapping: 0.039100 ms MarkObjects: 1.302500 ms  DeleteObjects: 0.013100 ms)

========================================================================
Received Import Request.
  Time since last request: 20.438470 seconds.
  path: Assets/PostProcess.asset
  artifactKey: Guid(9f30ffc00b9ca6041a2de5332094034b) Importer(815301076,1909f56bfc062723c751e8b465ee728b)
Start importing Assets/PostProcess.asset using Guid(9f30ffc00b9ca6041a2de5332094034b) Importer(815301076,1909f56bfc062723c751e8b465ee728b)  -> (artifact id: '6824762a889030f848751b1bb431deab') in 0.026820 seconds
  Import took 0.028586 seconds .

========================================================================
Received Import Request.
  Time since last request: 1.583969 seconds.
  path: Assets/PostProcess.asset
  artifactKey: Guid(9f30ffc00b9ca6041a2de5332094034b) Importer(815301076,1909f56bfc062723c751e8b465ee728b)
Start importing Assets/PostProcess.asset using Guid(9f30ffc00b9ca6041a2de5332094034b) Importer(815301076,1909f56bfc062723c751e8b465ee728b)  -> (artifact id: '6824762a889030f848751b1bb431deab') in 0.003409 seconds
  Import took 0.005230 seconds .

========================================================================
Received Prepare
Registering precompiled user dll's ...
Registered in 0.000702 seconds.
Begin MonoManager ReloadAssembly
Native extension for WindowsStandalone target not found
Native extension for WebGL target not found
Refreshing native plugins compatible for Editor in 0.21 ms, found 0 plugins.
Preloading 0 native plugins for Editor in 0.00 ms.
Mono: successfully reloaded assembly
- Completed reload, in  0.792 seconds
Platform modules already initialized, skipping
Refreshing native plugins compatible for Editor in 0.36 ms, found 0 plugins.
Preloading 0 native plugins for Editor in 0.00 ms.
Unloading 1215 Unused Serialized files (Serialized files now loaded: 0)
System memory in use before: 63.9 MB.
System memory in use after: 64.0 MB.

Unloading 4 unused Assets to reduce memory usage. Loaded Objects now: 1705.
Total: 1.633800 ms (FindLiveObjects: 0.290100 ms CreateObjectMapping: 0.097800 ms MarkObjects: 1.232700 ms  DeleteObjects: 0.012200 ms)

========================================================================
Received Import Request.
  Time since last request: 52.052253 seconds.
  path: Assets/PostProcess.asset
  artifactKey: Guid(9f30ffc00b9ca6041a2de5332094034b) Importer(815301076,1909f56bfc062723c751e8b465ee728b)
Start importing Assets/PostProcess.asset using Guid(9f30ffc00b9ca6041a2de5332094034b) Importer(815301076,1909f56bfc062723c751e8b465ee728b)  -> (artifact id: '9aa6eba0398220b84ff5f06a5c5bdaa4') in 0.023977 seconds
  Import took 0.026355 seconds .

========================================================================
Received Prepare
Registering precompiled user dll's ...
Registered in 0.000699 seconds.
Begin MonoManager ReloadAssembly
Native extension for WindowsStandalone target not found
Native extension for WebGL target not found
Refreshing native plugins compatible for Editor in 0.28 ms, found 0 plugins.
Preloading 0 native plugins for Editor in 0.00 ms.
Mono: successfully reloaded assembly
- Completed reload, in  0.912 seconds
Platform modules already initialized, skipping
Refreshing native plugins compatible for Editor in 0.21 ms, found 0 plugins.
Preloading 0 native plugins for Editor in 0.00 ms.
Unloading 1215 Unused Serialized files (Serialized files now loaded: 0)
System memory in use before: 63.9 MB.
System memory in use after: 64.0 MB.

Unloading 4 unused Assets to reduce memory usage. Loaded Objects now: 1708.
Total: 1.540000 ms (FindLiveObjects: 0.125000 ms CreateObjectMapping: 0.032400 ms MarkObjects: 1.330400 ms  DeleteObjects: 0.051300 ms)

========================================================================
Received Prepare
Registering precompiled user dll's ...
Registered in 0.000754 seconds.
Begin MonoManager ReloadAssembly
Native extension for WindowsStandalone target not found
Native extension for WebGL target not found
Refreshing native plugins compatible for Editor in 0.22 ms, found 0 plugins.
Preloading 0 native plugins for Editor in 0.00 ms.
Mono: successfully reloaded assembly
- Completed reload, in  0.894 seconds
Platform modules already initialized, skipping
Refreshing native plugins compatible for Editor in 0.21 ms, found 0 plugins.
Preloading 0 native plugins for Editor in 0.00 ms.
Unloading 1215 Unused Serialized files (Serialized files now loaded: 0)
System memory in use before: 63.9 MB.
System memory in use after: 64.0 MB.

Unloading 4 unused Assets to reduce memory usage. Loaded Objects now: 1711.
Total: 2.446700 ms (FindLiveObjects: 0.208200 ms CreateObjectMapping: 0.049600 ms MarkObjects: 2.165900 ms  DeleteObjects: 0.021400 ms)

========================================================================
Received Import Request.
  Time since last request: 1386.518745 seconds.
  path: Assets/PostProcess.asset
  artifactKey: Guid(9f30ffc00b9ca6041a2de5332094034b) Importer(815301076,1909f56bfc062723c751e8b465ee728b)
Start importing Assets/PostProcess.asset using Guid(9f30ffc00b9ca6041a2de5332094034b) Importer(815301076,1909f56bfc062723c751e8b465ee728b)  -> (artifact id: '33613b7f384c553373c6d43aa77ca27f') in 0.018594 seconds
  Import took 0.020495 seconds .

========================================================================
Received Prepare
Registering precompiled user dll's ...
Registered in 0.000868 seconds.
Begin MonoManager ReloadAssembly
Native extension for WindowsStandalone target not found
Native extension for WebGL target not found
Refreshing native plugins compatible for Editor in 0.22 ms, found 0 plugins.
Preloading 0 native plugins for Editor in 0.00 ms.
Mono: successfully reloaded assembly
- Completed reload, in  0.908 seconds
Platform modules already initialized, skipping
Refreshing native plugins compatible for Editor in 0.20 ms, found 0 plugins.
Preloading 0 native plugins for Editor in 0.00 ms.
Unloading 1215 Unused Serialized files (Serialized files now loaded: 0)
System memory in use before: 63.9 MB.
System memory in use after: 64.0 MB.

Unloading 4 unused Assets to reduce memory usage. Loaded Objects now: 1714.
Total: 1.346100 ms (FindLiveObjects: 0.112400 ms CreateObjectMapping: 0.032900 ms MarkObjects: 1.186700 ms  DeleteObjects: 0.013300 ms)

========================================================================
Received Import Request.
  Time since last request: 50.275759 seconds.
  path: Assets/PostProcess.asset
  artifactKey: Guid(9f30ffc00b9ca6041a2de5332094034b) Importer(815301076,1909f56bfc062723c751e8b465ee728b)
Start importing Assets/PostProcess.asset using Guid(9f30ffc00b9ca6041a2de5332094034b) Importer(815301076,1909f56bfc062723c751e8b465ee728b)  -> (artifact id: '95f64c153da1078431e1ba031b683711') in 0.016822 seconds
  Import took 0.018505 seconds .

========================================================================
Received Prepare
Registering precompiled user dll's ...
Registered in 0.000672 seconds.
Begin MonoManager ReloadAssembly
Native extension for WindowsStandalone target not found
Native extension for WebGL target not found
Refreshing native plugins compatible for Editor in 0.22 ms, found 0 plugins.
Preloading 0 native plugins for Editor in 0.00 ms.
Mono: successfully reloaded assembly
- Completed reload, in  0.856 seconds
Platform modules already initialized, skipping
Refreshing native plugins compatible for Editor in 0.21 ms, found 0 plugins.
Preloading 0 native plugins for Editor in 0.00 ms.
Unloading 1215 Unused Serialized files (Serialized files now loaded: 0)
System memory in use before: 63.9 MB.
System memory in use after: 64.0 MB.

Unloading 4 unused Assets to reduce memory usage. Loaded Objects now: 1717.
Total: 1.526500 ms (FindLiveObjects: 0.120300 ms CreateObjectMapping: 0.031900 ms MarkObjects: 1.360900 ms  DeleteObjects: 0.012300 ms)

========================================================================
Received Import Request.
  Time since last request: 176.192051 seconds.
  path: Assets/PostProcess.asset
  artifactKey: Guid(9f30ffc00b9ca6041a2de5332094034b) Importer(815301076,1909f56bfc062723c751e8b465ee728b)
Start importing Assets/PostProcess.asset using Guid(9f30ffc00b9ca6041a2de5332094034b) Importer(815301076,1909f56bfc062723c751e8b465ee728b)  -> (artifact id: 'c3db3bf3fddac92b6e3861b3228fc500') in 0.021917 seconds
  Import took 0.024059 seconds .

========================================================================
Received Import Request.
  Time since last request: 2.433024 seconds.
  path: Assets/PostProcess.asset
  artifactKey: Guid(9f30ffc00b9ca6041a2de5332094034b) Importer(815301076,1909f56bfc062723c751e8b465ee728b)
Start importing Assets/PostProcess.asset using Guid(9f30ffc00b9ca6041a2de5332094034b) Importer(815301076,1909f56bfc062723c751e8b465ee728b)  -> (artifact id: 'c3db3bf3fddac92b6e3861b3228fc500') in 0.002573 seconds
  Import took 0.004402 seconds .

========================================================================
Received Prepare
Registering precompiled user dll's ...
Registered in 0.000639 seconds.
Begin MonoManager ReloadAssembly
Native extension for WindowsStandalone target not found
Native extension for WebGL target not found
Refreshing native plugins compatible for Editor in 0.21 ms, found 0 plugins.
Preloading 0 native plugins for Editor in 0.00 ms.
Mono: successfully reloaded assembly
- Completed reload, in  0.782 seconds
Platform modules already initialized, skipping
Refreshing native plugins compatible for Editor in 0.21 ms, found 0 plugins.
Preloading 0 native plugins for Editor in 0.00 ms.
Unloading 1215 Unused Serialized files (Serialized files now loaded: 0)
System memory in use before: 63.9 MB.
System memory in use after: 64.0 MB.

Unloading 4 unused Assets to reduce memory usage. Loaded Objects now: 1720.
Total: 2.928100 ms (FindLiveObjects: 0.404200 ms CreateObjectMapping: 0.051700 ms MarkObjects: 2.438500 ms  DeleteObjects: 0.032200 ms)

========================================================================
Received Import Request.
  Time since last request: 176.240547 seconds.
  path: Assets/PostProcess.asset
  artifactKey: Guid(9f30ffc00b9ca6041a2de5332094034b) Importer(815301076,1909f56bfc062723c751e8b465ee728b)
Start importing Assets/PostProcess.asset using Guid(9f30ffc00b9ca6041a2de5332094034b) Importer(815301076,1909f56bfc062723c751e8b465ee728b)  -> (artifact id: '81ccabe07d07f2e1bc5ad8995407d8bd') in 0.024954 seconds
  Import took 0.027921 seconds .

========================================================================
Received Import Request.
  Time since last request: 11.303889 seconds.
  path: Assets/PostProcess.asset
  artifactKey: Guid(9f30ffc00b9ca6041a2de5332094034b) Importer(815301076,1909f56bfc062723c751e8b465ee728b)
Start importing Assets/PostProcess.asset using Guid(9f30ffc00b9ca6041a2de5332094034b) Importer(815301076,1909f56bfc062723c751e8b465ee728b)  -> (artifact id: 'fc192530b23c898f07a5545f3e728646') in 0.003070 seconds
  Import took 0.006131 seconds .

========================================================================
Received Prepare
Registering precompiled user dll's ...
Registered in 0.000882 seconds.
Begin MonoManager ReloadAssembly
Native extension for WindowsStandalone target not found
Native extension for WebGL target not found
Refreshing native plugins compatible for Editor in 0.22 ms, found 0 plugins.
Preloading 0 native plugins for Editor in 0.00 ms.
Mono: successfully reloaded assembly
- Completed reload, in  0.851 seconds
Platform modules already initialized, skipping
Refreshing native plugins compatible for Editor in 0.25 ms, found 0 plugins.
Preloading 0 native plugins for Editor in 0.00 ms.
Unloading 1215 Unused Serialized files (Serialized files now loaded: 0)
System memory in use before: 63.9 MB.
System memory in use after: 64.0 MB.

Unloading 4 unused Assets to reduce memory usage. Loaded Objects now: 1723.
Total: 1.428500 ms (FindLiveObjects: 0.122500 ms CreateObjectMapping: 0.037700 ms MarkObjects: 1.254000 ms  DeleteObjects: 0.013600 ms)

========================================================================
Received Prepare
Registering precompiled user dll's ...
Registered in 0.000649 seconds.
Begin MonoManager ReloadAssembly
Native extension for WindowsStandalone target not found
Native extension for WebGL target not found
Refreshing native plugins compatible for Editor in 0.23 ms, found 0 plugins.
Preloading 0 native plugins for Editor in 0.00 ms.
Mono: successfully reloaded assembly
- Completed reload, in  0.782 seconds
Platform modules already initialized, skipping
Refreshing native plugins compatible for Editor in 0.21 ms, found 0 plugins.
Preloading 0 native plugins for Editor in 0.00 ms.
Unloading 1215 Unused Serialized files (Serialized files now loaded: 0)
System memory in use before: 63.9 MB.
System memory in use after: 64.0 MB.

Unloading 4 unused Assets to reduce memory usage. Loaded Objects now: 1726.
Total: 1.509700 ms (FindLiveObjects: 0.112200 ms CreateObjectMapping: 0.030500 ms MarkObjects: 1.334300 ms  DeleteObjects: 0.031700 ms)

========================================================================
Received Prepare
Registering precompiled user dll's ...
Registered in 0.000626 seconds.
Begin MonoManager ReloadAssembly
Native extension for WindowsStandalone target not found
Native extension for WebGL target not found
Refreshing native plugins compatible for Editor in 0.21 ms, found 0 plugins.
Preloading 0 native plugins for Editor in 0.00 ms.
Mono: successfully reloaded assembly
- Completed reload, in  0.668 seconds
Platform modules already initialized, skipping
Refreshing native plugins compatible for Editor in 0.22 ms, found 0 plugins.
Preloading 0 native plugins for Editor in 0.00 ms.
Unloading 1215 Unused Serialized files (Serialized files now loaded: 0)
System memory in use before: 63.9 MB.
System memory in use after: 64.0 MB.

Unloading 4 unused Assets to reduce memory usage. Loaded Objects now: 1729.
Total: 1.484600 ms (FindLiveObjects: 0.116400 ms CreateObjectMapping: 0.035000 ms MarkObjects: 1.294300 ms  DeleteObjects: 0.037800 ms)

========================================================================
Received Prepare
Registering precompiled user dll's ...
Registered in 0.000958 seconds.
Begin MonoManager ReloadAssembly
Native extension for WindowsStandalone target not found
Native extension for WebGL target not found
Refreshing native plugins compatible for Editor in 0.21 ms, found 0 plugins.
Preloading 0 native plugins for Editor in 0.00 ms.
Mono: successfully reloaded assembly
- Completed reload, in  0.680 seconds
Platform modules already initialized, skipping
Refreshing native plugins compatible for Editor in 0.21 ms, found 0 plugins.
Preloading 0 native plugins for Editor in 0.00 ms.
Unloading 1215 Unused Serialized files (Serialized files now loaded: 0)
System memory in use before: 63.9 MB.
System memory in use after: 64.0 MB.

Unloading 4 unused Assets to reduce memory usage. Loaded Objects now: 1732.
Total: 1.724600 ms (FindLiveObjects: 0.144700 ms CreateObjectMapping: 0.030800 ms MarkObjects: 1.535600 ms  DeleteObjects: 0.012700 ms)

========================================================================
Received Import Request.
  Time since last request: 754.893201 seconds.
  path: Assets/PostProcess.asset
  artifactKey: Guid(9f30ffc00b9ca6041a2de5332094034b) Importer(815301076,1909f56bfc062723c751e8b465ee728b)
Start importing Assets/PostProcess.asset using Guid(9f30ffc00b9ca6041a2de5332094034b) Importer(815301076,1909f56bfc062723c751e8b465ee728b)  -> (artifact id: '84ed82d256dd2216ec8a54ce81a371b5') in 0.024025 seconds
  Import took 0.026945 seconds .

========================================================================
Received Import Request.
  Time since last request: 3.669871 seconds.
  path: Assets/PostProcess.asset
  artifactKey: Guid(9f30ffc00b9ca6041a2de5332094034b) Importer(815301076,1909f56bfc062723c751e8b465ee728b)
Start importing Assets/PostProcess.asset using Guid(9f30ffc00b9ca6041a2de5332094034b) Importer(815301076,1909f56bfc062723c751e8b465ee728b)  -> (artifact id: 'cbab6d6f728beba67e902f0011737930') in 0.003306 seconds
  Import took 0.005445 seconds .

========================================================================
Received Import Request.
  Time since last request: 1.228751 seconds.
  path: Assets/PostProcess.asset
  artifactKey: Guid(9f30ffc00b9ca6041a2de5332094034b) Importer(815301076,1909f56bfc062723c751e8b465ee728b)
Start importing Assets/PostProcess.asset using Guid(9f30ffc00b9ca6041a2de5332094034b) Importer(815301076,1909f56bfc062723c751e8b465ee728b)  -> (artifact id: '5b44cbd3261f6687c2fe07ff6448e762') in 0.067279 seconds
  Import took 0.069572 seconds .

========================================================================
Received Import Request.
  Time since last request: 9.550209 seconds.
  path: Assets/PostProcess.asset
  artifactKey: Guid(9f30ffc00b9ca6041a2de5332094034b) Importer(815301076,1909f56bfc062723c751e8b465ee728b)
Start importing Assets/PostProcess.asset using Guid(9f30ffc00b9ca6041a2de5332094034b) Importer(815301076,1909f56bfc062723c751e8b465ee728b)  -> (artifact id: '5854ecfc18b47606f508830ff7a3d30e') in 0.005288 seconds
  Import took 0.007256 seconds .

========================================================================
Received Import Request.
  Time since last request: 76.856612 seconds.
  path: Assets/PostProcess.asset
  artifactKey: Guid(9f30ffc00b9ca6041a2de5332094034b) Importer(815301076,1909f56bfc062723c751e8b465ee728b)
Start importing Assets/PostProcess.asset using Guid(9f30ffc00b9ca6041a2de5332094034b) Importer(815301076,1909f56bfc062723c751e8b465ee728b)  -> (artifact id: 'c1a04261b63d888bdd9f8993c920e686') in 0.015448 seconds
  Import took 0.017892 seconds .

========================================================================
Received Import Request.
  Time since last request: 0.016452 seconds.
  path: Assets/PostProcess.asset
  artifactKey: Guid(9f30ffc00b9ca6041a2de5332094034b) Importer(815301076,1909f56bfc062723c751e8b465ee728b)
Start importing Assets/PostProcess.asset using Guid(9f30ffc00b9ca6041a2de5332094034b) Importer(815301076,1909f56bfc062723c751e8b465ee728b)  -> (artifact id: 'c1a04261b63d888bdd9f8993c920e686') in 0.002788 seconds
  Import took 0.004629 seconds .

========================================================================
Received Import Request.
  Time since last request: 8.958240 seconds.
  path: Assets/PostProcess.asset
  artifactKey: Guid(9f30ffc00b9ca6041a2de5332094034b) Importer(815301076,1909f56bfc062723c751e8b465ee728b)
Start importing Assets/PostProcess.asset using Guid(9f30ffc00b9ca6041a2de5332094034b) Importer(815301076,1909f56bfc062723c751e8b465ee728b)  -> (artifact id: '599b0c0f5d3eecf87c4434b041121f13') in 0.003279 seconds
  Import took 0.006159 seconds .

========================================================================
Received Prepare
Registering precompiled user dll's ...
Registered in 0.000731 seconds.
Begin MonoManager ReloadAssembly
Native extension for WindowsStandalone target not found
Native extension for WebGL target not found
Refreshing native plugins compatible for Editor in 0.21 ms, found 0 plugins.
Preloading 0 native plugins for Editor in 0.00 ms.
Mono: successfully reloaded assembly
- Completed reload, in  0.868 seconds
Platform modules already initialized, skipping
Refreshing native plugins compatible for Editor in 0.22 ms, found 0 plugins.
Preloading 0 native plugins for Editor in 0.00 ms.
Unloading 1215 Unused Serialized files (Serialized files now loaded: 0)
System memory in use before: 63.9 MB.
System memory in use after: 64.0 MB.

Unloading 4 unused Assets to reduce memory usage. Loaded Objects now: 1735.
Total: 1.517800 ms (FindLiveObjects: 0.124200 ms CreateObjectMapping: 0.033700 ms MarkObjects: 1.345400 ms  DeleteObjects: 0.013600 ms)

========================================================================
Received Prepare
Registering precompiled user dll's ...
Registered in 0.000663 seconds.
Begin MonoManager ReloadAssembly
Native extension for WindowsStandalone target not found
Native extension for WebGL target not found
Refreshing native plugins compatible for Editor in 0.28 ms, found 0 plugins.
Preloading 0 native plugins for Editor in 0.00 ms.
Mono: successfully reloaded assembly
- Completed reload, in  0.718 seconds
Platform modules already initialized, skipping
Refreshing native plugins compatible for Editor in 0.30 ms, found 0 plugins.
Preloading 0 native plugins for Editor in 0.00 ms.
Unloading 1215 Unused Serialized files (Serialized files now loaded: 0)
System memory in use before: 63.9 MB.
System memory in use after: 64.0 MB.

Unloading 4 unused Assets to reduce memory usage. Loaded Objects now: 1738.
Total: 1.536600 ms (FindLiveObjects: 0.114100 ms CreateObjectMapping: 0.030900 ms MarkObjects: 1.377300 ms  DeleteObjects: 0.013400 ms)

========================================================================
Received Prepare
Registering precompiled user dll's ...
Registered in 0.000726 seconds.
Begin MonoManager ReloadAssembly
Native extension for WindowsStandalone target not found
Native extension for WebGL target not found
Refreshing native plugins compatible for Editor in 0.25 ms, found 0 plugins.
Preloading 0 native plugins for Editor in 0.00 ms.
Mono: successfully reloaded assembly
- Completed reload, in  0.725 seconds
Platform modules already initialized, skipping
Refreshing native plugins compatible for Editor in 0.21 ms, found 0 plugins.
Preloading 0 native plugins for Editor in 0.00 ms.
Unloading 1215 Unused Serialized files (Serialized files now loaded: 0)
System memory in use before: 63.9 MB.
System memory in use after: 64.0 MB.

Unloading 4 unused Assets to reduce memory usage. Loaded Objects now: 1741.
Total: 1.466200 ms (FindLiveObjects: 0.124500 ms CreateObjectMapping: 0.036000 ms MarkObjects: 1.291300 ms  DeleteObjects: 0.013600 ms)

========================================================================
Received Prepare
Registering precompiled user dll's ...
Registered in 0.000623 seconds.
Begin MonoManager ReloadAssembly
Native extension for WindowsStandalone target not found
Native extension for WebGL target not found
Refreshing native plugins compatible for Editor in 0.34 ms, found 0 plugins.
Preloading 0 native plugins for Editor in 0.00 ms.
Mono: successfully reloaded assembly
- Completed reload, in  0.786 seconds
Platform modules already initialized, skipping
Refreshing native plugins compatible for Editor in 0.21 ms, found 0 plugins.
Preloading 0 native plugins for Editor in 0.00 ms.
Unloading 1215 Unused Serialized files (Serialized files now loaded: 0)
System memory in use before: 64.0 MB.
System memory in use after: 64.0 MB.

Unloading 4 unused Assets to reduce memory usage. Loaded Objects now: 1744.
Total: 1.510000 ms (FindLiveObjects: 0.180600 ms CreateObjectMapping: 0.051200 ms MarkObjects: 1.266000 ms  DeleteObjects: 0.011500 ms)

========================================================================
Received Prepare
Registering precompiled user dll's ...
Registered in 0.000847 seconds.
Begin MonoManager ReloadAssembly
Native extension for WindowsStandalone target not found
Native extension for WebGL target not found
Refreshing native plugins compatible for Editor in 0.26 ms, found 0 plugins.
Preloading 0 native plugins for Editor in 0.00 ms.
Mono: successfully reloaded assembly
- Completed reload, in  0.767 seconds
Platform modules already initialized, skipping
Refreshing native plugins compatible for Editor in 0.21 ms, found 0 plugins.
Preloading 0 native plugins for Editor in 0.00 ms.
Unloading 1215 Unused Serialized files (Serialized files now loaded: 0)
System memory in use before: 64.0 MB.
System memory in use after: 64.1 MB.

Unloading 4 unused Assets to reduce memory usage. Loaded Objects now: 1747.
Total: 1.694600 ms (FindLiveObjects: 0.115800 ms CreateObjectMapping: 0.032700 ms MarkObjects: 1.532300 ms  DeleteObjects: 0.013000 ms)

========================================================================
Received Import Request.
  Time since last request: 301.178324 seconds.
  path: Assets/PostProcess.asset
  artifactKey: Guid(9f30ffc00b9ca6041a2de5332094034b) Importer(815301076,1909f56bfc062723c751e8b465ee728b)
Start importing Assets/PostProcess.asset using Guid(9f30ffc00b9ca6041a2de5332094034b) Importer(815301076,1909f56bfc062723c751e8b465ee728b)  -> (artifact id: 'c9ca81267b9870a5b5342645dfee8328') in 0.032876 seconds
  Import took 0.035214 seconds .

========================================================================
Received Prepare
Registering precompiled user dll's ...
Registered in 0.000779 seconds.
Begin MonoManager ReloadAssembly
Native extension for WindowsStandalone target not found
Native extension for WebGL target not found
Refreshing native plugins compatible for Editor in 0.21 ms, found 0 plugins.
Preloading 0 native plugins for Editor in 0.00 ms.
Mono: successfully reloaded assembly
- Completed reload, in  0.707 seconds
Platform modules already initialized, skipping
Refreshing native plugins compatible for Editor in 0.21 ms, found 0 plugins.
Preloading 0 native plugins for Editor in 0.00 ms.
Unloading 1215 Unused Serialized files (Serialized files now loaded: 0)
System memory in use before: 64.0 MB.
System memory in use after: 64.1 MB.

Unloading 4 unused Assets to reduce memory usage. Loaded Objects now: 1750.
Total: 1.468900 ms (FindLiveObjects: 0.119800 ms CreateObjectMapping: 0.033400 ms MarkObjects: 1.302200 ms  DeleteObjects: 0.012500 ms)

========================================================================
Received Import Request.
  Time since last request: 96.643363 seconds.
  path: Assets/PostProcess.asset
  artifactKey: Guid(9f30ffc00b9ca6041a2de5332094034b) Importer(815301076,1909f56bfc062723c751e8b465ee728b)
Start importing Assets/PostProcess.asset using Guid(9f30ffc00b9ca6041a2de5332094034b) Importer(815301076,1909f56bfc062723c751e8b465ee728b)  -> (artifact id: 'fa8010014aac8e32ca27e201a7de018b') in 0.023791 seconds
  Import took 0.025737 seconds .

========================================================================
Received Prepare
Registering precompiled user dll's ...
Registered in 0.001005 seconds.
Begin MonoManager ReloadAssembly
Native extension for WindowsStandalone target not found
Native extension for WebGL target not found
Refreshing native plugins compatible for Editor in 0.33 ms, found 0 plugins.
Preloading 0 native plugins for Editor in 0.00 ms.
Mono: successfully reloaded assembly
- Completed reload, in  0.963 seconds
Platform modules already initialized, skipping
Refreshing native plugins compatible for Editor in 0.27 ms, found 0 plugins.
Preloading 0 native plugins for Editor in 0.00 ms.
Unloading 1215 Unused Serialized files (Serialized files now loaded: 0)
System memory in use before: 64.0 MB.
System memory in use after: 64.1 MB.

Unloading 4 unused Assets to reduce memory usage. Loaded Objects now: 1753.
Total: 2.049900 ms (FindLiveObjects: 0.139200 ms CreateObjectMapping: 0.041300 ms MarkObjects: 1.852400 ms  DeleteObjects: 0.015700 ms)

========================================================================
Received Import Request.
  Time since last request: 97.774917 seconds.
  path: Assets/PostProcess.asset
  artifactKey: Guid(9f30ffc00b9ca6041a2de5332094034b) Importer(815301076,1909f56bfc062723c751e8b465ee728b)
Start importing Assets/PostProcess.asset using Guid(9f30ffc00b9ca6041a2de5332094034b) Importer(815301076,1909f56bfc062723c751e8b465ee728b)  -> (artifact id: 'afb21a3d0a0d3dcd86e97bb091b9896e') in 0.036046 seconds
  Import took 0.039533 seconds .

========================================================================
Received Import Request.
  Time since last request: 13.818188 seconds.
  path: Assets/PostProcess.asset
  artifactKey: Guid(9f30ffc00b9ca6041a2de5332094034b) Importer(815301076,1909f56bfc062723c751e8b465ee728b)
Start importing Assets/PostProcess.asset using Guid(9f30ffc00b9ca6041a2de5332094034b) Importer(815301076,1909f56bfc062723c751e8b465ee728b)  -> (artifact id: '7f0d3063f4f9f6aed12417ef14be180a') in 0.003911 seconds
  Import took 0.006044 seconds .

========================================================================
Received Import Request.
  Time since last request: 6.610676 seconds.
  path: Assets/PostProcess.asset
  artifactKey: Guid(9f30ffc00b9ca6041a2de5332094034b) Importer(815301076,1909f56bfc062723c751e8b465ee728b)
Start importing Assets/PostProcess.asset using Guid(9f30ffc00b9ca6041a2de5332094034b) Importer(815301076,1909f56bfc062723c751e8b465ee728b)  -> (artifact id: 'b8cd4951d70d001b3a0e277735be8d65') in 0.004413 seconds
  Import took 0.006447 seconds .

========================================================================
Received Import Request.
  Time since last request: 50.341900 seconds.
  path: Assets/PostProcess.asset
  artifactKey: Guid(9f30ffc00b9ca6041a2de5332094034b) Importer(815301076,1909f56bfc062723c751e8b465ee728b)
Start importing Assets/PostProcess.asset using Guid(9f30ffc00b9ca6041a2de5332094034b) Importer(815301076,1909f56bfc062723c751e8b465ee728b)  -> (artifact id: '1ad76dcb4c066df228856b56f307ee45') in 0.004888 seconds
  Import took 0.007098 seconds .

========================================================================
Received Import Request.
  Time since last request: 14.851820 seconds.
  path: Assets/PostProcess.asset
  artifactKey: Guid(9f30ffc00b9ca6041a2de5332094034b) Importer(815301076,1909f56bfc062723c751e8b465ee728b)
Start importing Assets/PostProcess.asset using Guid(9f30ffc00b9ca6041a2de5332094034b) Importer(815301076,1909f56bfc062723c751e8b465ee728b)  -> (artifact id: '043b2731cd13eb9140b8beac17ee0b2b') in 0.004844 seconds
  Import took 0.008167 seconds .

========================================================================
Received Prepare
Registering precompiled user dll's ...
Registered in 0.000725 seconds.
Begin MonoManager ReloadAssembly
Native extension for WindowsStandalone target not found
Native extension for WebGL target not found
Refreshing native plugins compatible for Editor in 0.25 ms, found 0 plugins.
Preloading 0 native plugins for Editor in 0.00 ms.
Mono: successfully reloaded assembly
- Completed reload, in  0.741 seconds
Platform modules already initialized, skipping
Refreshing native plugins compatible for Editor in 0.30 ms, found 0 plugins.
Preloading 0 native plugins for Editor in 0.00 ms.
Unloading 1215 Unused Serialized files (Serialized files now loaded: 0)
System memory in use before: 64.0 MB.
System memory in use after: 64.1 MB.

Unloading 4 unused Assets to reduce memory usage. Loaded Objects now: 1756.
Total: 1.664100 ms (FindLiveObjects: 0.121700 ms CreateObjectMapping: 0.033500 ms MarkObjects: 1.493400 ms  DeleteObjects: 0.014300 ms)

========================================================================
Received Prepare
Registering precompiled user dll's ...
Registered in 0.000701 seconds.
Begin MonoManager ReloadAssembly
Native extension for WindowsStandalone target not found
Native extension for WebGL target not found
Refreshing native plugins compatible for Editor in 0.21 ms, found 0 plugins.
Preloading 0 native plugins for Editor in 0.00 ms.
Mono: successfully reloaded assembly
- Completed reload, in  0.725 seconds
Platform modules already initialized, skipping
Refreshing native plugins compatible for Editor in 0.26 ms, found 0 plugins.
Preloading 0 native plugins for Editor in 0.00 ms.
Unloading 1215 Unused Serialized files (Serialized files now loaded: 0)
System memory in use before: 64.0 MB.
System memory in use after: 64.1 MB.

Unloading 4 unused Assets to reduce memory usage. Loaded Objects now: 1759.
Total: 2.402700 ms (FindLiveObjects: 0.173800 ms CreateObjectMapping: 0.052300 ms MarkObjects: 2.147600 ms  DeleteObjects: 0.027800 ms)

========================================================================
Received Prepare
Registering precompiled user dll's ...
Registered in 0.000618 seconds.
Begin MonoManager ReloadAssembly
Native extension for WindowsStandalone target not found
Native extension for WebGL target not found
Refreshing native plugins compatible for Editor in 0.21 ms, found 0 plugins.
Preloading 0 native plugins for Editor in 0.00 ms.
Mono: successfully reloaded assembly
- Completed reload, in  0.745 seconds
Platform modules already initialized, skipping
Refreshing native plugins compatible for Editor in 0.21 ms, found 0 plugins.
Preloading 0 native plugins for Editor in 0.00 ms.
Unloading 1215 Unused Serialized files (Serialized files now loaded: 0)
System memory in use before: 64.0 MB.
System memory in use after: 64.1 MB.

Unloading 4 unused Assets to reduce memory usage. Loaded Objects now: 1762.
Total: 1.661600 ms (FindLiveObjects: 0.149200 ms CreateObjectMapping: 0.034700 ms MarkObjects: 1.402000 ms  DeleteObjects: 0.014400 ms)

========================================================================
Received Prepare
Registering precompiled user dll's ...
Registered in 0.000669 seconds.
Begin MonoManager ReloadAssembly
Native extension for WindowsStandalone target not found
Native extension for WebGL target not found
Refreshing native plugins compatible for Editor in 0.21 ms, found 0 plugins.
Preloading 0 native plugins for Editor in 0.00 ms.
Mono: successfully reloaded assembly
- Completed reload, in  0.699 seconds
Platform modules already initialized, skipping
Refreshing native plugins compatible for Editor in 0.21 ms, found 0 plugins.
Preloading 0 native plugins for Editor in 0.00 ms.
Unloading 1215 Unused Serialized files (Serialized files now loaded: 0)
System memory in use before: 64.0 MB.
System memory in use after: 64.1 MB.

Unloading 4 unused Assets to reduce memory usage. Loaded Objects now: 1765.
Total: 1.554200 ms (FindLiveObjects: 0.119600 ms CreateObjectMapping: 0.033800 ms MarkObjects: 1.372500 ms  DeleteObjects: 0.027300 ms)

========================================================================
Received Import Request.
  Time since last request: 570.896997 seconds.
  path: Assets/PostProcess.asset
  artifactKey: Guid(9f30ffc00b9ca6041a2de5332094034b) Importer(815301076,1909f56bfc062723c751e8b465ee728b)
Start importing Assets/PostProcess.asset using Guid(9f30ffc00b9ca6041a2de5332094034b) Importer(815301076,1909f56bfc062723c751e8b465ee728b)  -> (artifact id: '1af8aa5c5c0c685dc99b0933719b87b3') in 0.023099 seconds
  Import took 0.039908 seconds .

========================================================================
Received Import Request.
  Time since last request: 1.414703 seconds.
  path: Assets/PostProcess.asset
  artifactKey: Guid(9f30ffc00b9ca6041a2de5332094034b) Importer(815301076,1909f56bfc062723c751e8b465ee728b)
Start importing Assets/PostProcess.asset using Guid(9f30ffc00b9ca6041a2de5332094034b) Importer(815301076,1909f56bfc062723c751e8b465ee728b)  -> (artifact id: '1af8aa5c5c0c685dc99b0933719b87b3') in 0.003169 seconds
  Import took 0.005082 seconds .

========================================================================
Received Prepare
Registering precompiled user dll's ...
Registered in 0.001095 seconds.
Begin MonoManager ReloadAssembly
Native extension for WindowsStandalone target not found
Native extension for WebGL target not found
Refreshing native plugins compatible for Editor in 0.21 ms, found 0 plugins.
Preloading 0 native plugins for Editor in 0.00 ms.
Mono: successfully reloaded assembly
- Completed reload, in  0.738 seconds
Platform modules already initialized, skipping
Refreshing native plugins compatible for Editor in 0.22 ms, found 0 plugins.
Preloading 0 native plugins for Editor in 0.00 ms.
Unloading 1215 Unused Serialized files (Serialized files now loaded: 0)
System memory in use before: 64.0 MB.
System memory in use after: 64.1 MB.

Unloading 4 unused Assets to reduce memory usage. Loaded Objects now: 1768.
Total: 1.686100 ms (FindLiveObjects: 0.149900 ms CreateObjectMapping: 0.037300 ms MarkObjects: 1.481200 ms  DeleteObjects: 0.016700 ms)

========================================================================
Received Import Request.
  Time since last request: 138.254044 seconds.
  path: Assets/PostProcess.asset
  artifactKey: Guid(9f30ffc00b9ca6041a2de5332094034b) Importer(815301076,1909f56bfc062723c751e8b465ee728b)
Start importing Assets/PostProcess.asset using Guid(9f30ffc00b9ca6041a2de5332094034b) Importer(815301076,1909f56bfc062723c751e8b465ee728b)  -> (artifact id: 'ae79c2fa3a0dd171fa89b8441af297b2') in 0.023203 seconds
  Import took 0.038860 seconds .

========================================================================
Received Import Request.
  Time since last request: 2.145153 seconds.
  path: Assets/PostProcess.asset
  artifactKey: Guid(9f30ffc00b9ca6041a2de5332094034b) Importer(815301076,1909f56bfc062723c751e8b465ee728b)
Start importing Assets/PostProcess.asset using Guid(9f30ffc00b9ca6041a2de5332094034b) Importer(815301076,1909f56bfc062723c751e8b465ee728b)  -> (artifact id: 'ae79c2fa3a0dd171fa89b8441af297b2') in 0.004088 seconds
  Import took 0.006023 seconds .

========================================================================
Received Prepare
Registering precompiled user dll's ...
Registered in 0.000668 seconds.
Begin MonoManager ReloadAssembly
Native extension for WindowsStandalone target not found
Native extension for WebGL target not found
Refreshing native plugins compatible for Editor in 0.23 ms, found 0 plugins.
Preloading 0 native plugins for Editor in 0.00 ms.
Mono: successfully reloaded assembly
- Completed reload, in  0.692 seconds
Platform modules already initialized, skipping
Refreshing native plugins compatible for Editor in 0.25 ms, found 0 plugins.
Preloading 0 native plugins for Editor in 0.00 ms.
Unloading 1215 Unused Serialized files (Serialized files now loaded: 0)
System memory in use before: 64.0 MB.
System memory in use after: 64.1 MB.

Unloading 4 unused Assets to reduce memory usage. Loaded Objects now: 1771.
Total: 1.562200 ms (FindLiveObjects: 0.115200 ms CreateObjectMapping: 0.032800 ms MarkObjects: 1.400800 ms  DeleteObjects: 0.012500 ms)

========================================================================
Received Import Request.
  Time since last request: 77.514458 seconds.
  path: Assets/Prefabs/Player.prefab
  artifactKey: Guid(8dc03269dd913954bae90da1b6a1df01) Importer(815301076,1909f56bfc062723c751e8b465ee728b)
Start importing Assets/Prefabs/Player.prefab using Guid(8dc03269dd913954bae90da1b6a1df01) Importer(815301076,1909f56bfc062723c751e8b465ee728b)  -> (artifact id: '433ca25d002c0f1dadf624432bda834c') in 0.519956 seconds
  Import took 0.522638 seconds .

========================================================================
Received Import Request.
  Time since last request: 9.661714 seconds.
  path: Assets/Prefabs/Player.prefab
  artifactKey: Guid(8dc03269dd913954bae90da1b6a1df01) Importer(815301076,1909f56bfc062723c751e8b465ee728b)
Start importing Assets/Prefabs/Player.prefab using Guid(8dc03269dd913954bae90da1b6a1df01) Importer(815301076,1909f56bfc062723c751e8b465ee728b)  -> (artifact id: 'd774c390291c48635b3b9af8d52d398e') in 1.338249 seconds
  Import took 1.341918 seconds .

========================================================================
Received Import Request.
  Time since last request: 31.062734 seconds.
  path: Assets/Prefabs/Player.prefab
  artifactKey: Guid(8dc03269dd913954bae90da1b6a1df01) Importer(815301076,1909f56bfc062723c751e8b465ee728b)
Start importing Assets/Prefabs/Player.prefab using Guid(8dc03269dd913954bae90da1b6a1df01) Importer(815301076,1909f56bfc062723c751e8b465ee728b)  -> (artifact id: 'e535832a9661c0ed5d9a0567ee729288') in 0.045115 seconds
  Import took 0.049029 seconds .

========================================================================
Received Import Request.
  Time since last request: 10.322445 seconds.
  path: Assets/Prefabs/Player.prefab
  artifactKey: Guid(8dc03269dd913954bae90da1b6a1df01) Importer(815301076,1909f56bfc062723c751e8b465ee728b)
Start importing Assets/Prefabs/Player.prefab using Guid(8dc03269dd913954bae90da1b6a1df01) Importer(815301076,1909f56bfc062723c751e8b465ee728b)  -> (artifact id: 'a41dcf14b883c588f3f8b208e3531dbd') in 0.053067 seconds
  Import took 0.057713 seconds .

========================================================================
Received Import Request.
  Time since last request: 5.804229 seconds.
  path: Assets/Prefabs/Player.prefab
  artifactKey: Guid(8dc03269dd913954bae90da1b6a1df01) Importer(815301076,1909f56bfc062723c751e8b465ee728b)
Start importing Assets/Prefabs/Player.prefab using Guid(8dc03269dd913954bae90da1b6a1df01) Importer(815301076,1909f56bfc062723c751e8b465ee728b)  -> (artifact id: '8066080c62e5ab03b085a0b49ea0b20f') in 0.046570 seconds
  Import took 0.050352 seconds .

========================================================================
Received Prepare
Registering precompiled user dll's ...
Registered in 0.000658 seconds.
Begin MonoManager ReloadAssembly
Native extension for WindowsStandalone target not found
Native extension for WebGL target not found
Refreshing native plugins compatible for Editor in 0.21 ms, found 0 plugins.
Preloading 0 native plugins for Editor in 0.00 ms.
Mono: successfully reloaded assembly
- Completed reload, in  0.680 seconds
Platform modules already initialized, skipping
Refreshing native plugins compatible for Editor in 0.21 ms, found 0 plugins.
Preloading 0 native plugins for Editor in 0.00 ms.
Unloading 1215 Unused Serialized files (Serialized files now loaded: 0)
System memory in use before: 67.2 MB.
System memory in use after: 67.3 MB.

Unloading 4 unused Assets to reduce memory usage. Loaded Objects now: 1782.
Total: 1.524200 ms (FindLiveObjects: 0.131000 ms CreateObjectMapping: 0.033700 ms MarkObjects: 1.345700 ms  DeleteObjects: 0.013000 ms)

========================================================================
Received Import Request.
  Time since last request: 62.987019 seconds.
  path: Assets/Prefabs/CrackedWall.prefab
  artifactKey: Guid(8fcc5fa91b732b2419a0e958f3a8adbe) Importer(815301076,1909f56bfc062723c751e8b465ee728b)
Start importing Assets/Prefabs/CrackedWall.prefab using Guid(8fcc5fa91b732b2419a0e958f3a8adbe) Importer(815301076,1909f56bfc062723c751e8b465ee728b)  -> (artifact id: '7543ae0f4bea81abc8aeb3c7ffa7555a') in 0.091234 seconds
  Import took 0.093568 seconds .

========================================================================
Received Import Request.
  Time since last request: 17.526220 seconds.
  path: Assets/Prefabs/FakeGold.prefab
  artifactKey: Guid(1b299b0e718fc37469cdc89ae5662bd3) Importer(815301076,1909f56bfc062723c751e8b465ee728b)
Start importing Assets/Prefabs/FakeGold.prefab using Guid(1b299b0e718fc37469cdc89ae5662bd3) Importer(815301076,1909f56bfc062723c751e8b465ee728b)  -> (artifact id: '3fc099c78f89b4f254b0e83c68174a73') in 0.036140 seconds
  Import took 0.038696 seconds .

========================================================================
Received Import Request.
  Time since last request: 34.342416 seconds.
  path: Assets/Prefabs/CavnasCamera.prefab
  artifactKey: Guid(9e10e85f8bbdbb04286ce038d2c0b7b9) Importer(815301076,1909f56bfc062723c751e8b465ee728b)
Start importing Assets/Prefabs/CavnasCamera.prefab using Guid(9e10e85f8bbdbb04286ce038d2c0b7b9) Importer(815301076,1909f56bfc062723c751e8b465ee728b)  -> (artifact id: '658093e4434faf51b223fe09541fbfdb') in 0.106117 seconds
  Import took 0.126352 seconds .

========================================================================
Received Import Request.
  Time since last request: 3.572301 seconds.
  path: Assets/Prefabs/Player.prefab
  artifactKey: Guid(8dc03269dd913954bae90da1b6a1df01) Importer(815301076,1909f56bfc062723c751e8b465ee728b)
Start importing Assets/Prefabs/Player.prefab using Guid(8dc03269dd913954bae90da1b6a1df01) Importer(815301076,1909f56bfc062723c751e8b465ee728b)  -> (artifact id: '84ae0e1b9f93588b94de28955e3a4e70') in 0.062797 seconds
  Import took 0.067244 seconds .

========================================================================
Received Prepare
Registering precompiled user dll's ...
Registered in 0.000677 seconds.
Begin MonoManager ReloadAssembly
Native extension for WindowsStandalone target not found
Native extension for WebGL target not found
Refreshing native plugins compatible for Editor in 0.21 ms, found 0 plugins.
Preloading 0 native plugins for Editor in 0.00 ms.
Mono: successfully reloaded assembly
- Completed reload, in  0.825 seconds
Platform modules already initialized, skipping
Refreshing native plugins compatible for Editor in 0.21 ms, found 0 plugins.
Preloading 0 native plugins for Editor in 0.00 ms.
Unloading 1215 Unused Serialized files (Serialized files now loaded: 0)
System memory in use before: 67.3 MB.
System memory in use after: 67.4 MB.

Unloading 7 unused Assets to reduce memory usage. Loaded Objects now: 1787.
Total: 1.539400 ms (FindLiveObjects: 0.122800 ms CreateObjectMapping: 0.033400 ms MarkObjects: 1.298700 ms  DeleteObjects: 0.083500 ms)

========================================================================
Received Prepare
Registering precompiled user dll's ...
Registered in 0.000642 seconds.
Begin MonoManager ReloadAssembly
Native extension for WindowsStandalone target not found
Native extension for WebGL target not found
Refreshing native plugins compatible for Editor in 0.34 ms, found 0 plugins.
Preloading 0 native plugins for Editor in 0.00 ms.
Mono: successfully reloaded assembly
- Completed reload, in  0.792 seconds
Platform modules already initialized, skipping
Refreshing native plugins compatible for Editor in 0.21 ms, found 0 plugins.
Preloading 0 native plugins for Editor in 0.00 ms.
Unloading 1215 Unused Serialized files (Serialized files now loaded: 0)
System memory in use before: 67.3 MB.
System memory in use after: 67.4 MB.

Unloading 4 unused Assets to reduce memory usage. Loaded Objects now: 1790.
Total: 1.725700 ms (FindLiveObjects: 0.119200 ms CreateObjectMapping: 0.031600 ms MarkObjects: 1.545400 ms  DeleteObjects: 0.028600 ms)

AssetImportWorkerClient::OnTransportError - code=2 error=End of file
