Using pre-set license
Built from '2020.3/staging' branch; Version is '2020.3.10f1 (297d780c91bc) revision 2719096'; Using compiler version '192528614'; Build Type 'Release'
OS: 'Windows 10 Pro; OS build 19043.985; Version 2009; 64bit' Language: 'pl' Physical Memory: 16348 MB
BatchMode: 1, IsHumanControllingUs: 0, StartBugReporterOnCrash: 0, Is64bit: 1, IsPro: 0

 COMMAND LINE ARGUMENTS:
S:\UnityEditor\2020.3.10f1\Editor\Unity.exe
-adb2
-batchMode
-noUpm
-name
AssetImportWorker0
-projectPath
D:/UnityProjects/projects/GoldJam
-logFile
Logs/AssetImportWorker0.log
-srvPort
57486
Successfully changed project path to: D:/UnityProjects/projects/GoldJam
D:/UnityProjects/projects/GoldJam
Using Asset Import Pipeline V2.
Refreshing native plugins compatible for Editor in 29.66 ms, found 2 plugins.
Preloading 0 native plugins for Editor in 0.00 ms.
Initialize engine version: 2020.3.10f1 (297d780c91bc)
[Subsystems] Discovering subsystems at path S:/UnityEditor/2020.3.10f1/Editor/Data/Resources/UnitySubsystems
[Subsystems] Discovering subsystems at path D:/UnityProjects/projects/GoldJam/Assets
GfxDevice: creating device client; threaded=0
Direct3D:
    Version:  Direct3D 11.0 [level 11.1]
    Renderer: AMD Radeon RX 5700 (ID=0x731f)
    Vendor:   
    VRAM:     8151 MB
    Driver:   27.20.21003.8013
Initialize mono
Mono path[0] = 'S:/UnityEditor/2020.3.10f1/Editor/Data/Managed'
Mono path[1] = 'S:/UnityEditor/2020.3.10f1/Editor/Data/MonoBleedingEdge/lib/mono/unityjit'
Mono config path = 'S:/UnityEditor/2020.3.10f1/Editor/Data/MonoBleedingEdge/etc'
Using monoOptions --debugger-agent=transport=dt_socket,embedding=1,server=y,suspend=n,address=127.0.0.1:56080
Begin MonoManager ReloadAssembly
Registering precompiled unity dll's ...
Register platform support module: S:/UnityEditor/2020.3.10f1/Editor/Data/PlaybackEngines/WindowsStandaloneSupport/UnityEditor.WindowsStandalone.Extensions.dll
Registered in 0.001192 seconds.
Native extension for WindowsStandalone target not found
Refreshing native plugins compatible for Editor in 40.50 ms, found 2 plugins.
Preloading 0 native plugins for Editor in 0.00 ms.
Mono: successfully reloaded assembly
- Completed reload, in  0.905 seconds
Platform modules already initialized, skipping
Registering precompiled user dll's ...
Registered in 0.003018 seconds.
Begin MonoManager ReloadAssembly
Native extension for WindowsStandalone target not found
Refreshing native plugins compatible for Editor in 0.48 ms, found 2 plugins.
Preloading 0 native plugins for Editor in 0.00 ms.
Mono: successfully reloaded assembly
- Completed reload, in  1.153 seconds
Platform modules already initialized, skipping
========================================================================
Worker process is ready to serve import requests
Launched and connected shader compiler UnityShaderCompiler.exe after 0.04 seconds
Refreshing native plugins compatible for Editor in 0.35 ms, found 2 plugins.
Preloading 0 native plugins for Editor in 0.00 ms.
Unloading 1540 Unused Serialized files (Serialized files now loaded: 0)
System memory in use before: 77.0 MB.
System memory in use after: 77.1 MB.

Unloading 18 unused Assets to reduce memory usage. Loaded Objects now: 1979.
Total: 2.355500 ms (FindLiveObjects: 0.152700 ms CreateObjectMapping: 0.129100 ms MarkObjects: 1.897500 ms  DeleteObjects: 0.174700 ms)

========================================================================
Received Import Request.
  path: Assets/Scenes/StartMineshaft.unity
  artifactKey: Guid(d9ebb64ea6850264cb0874c1b44fe164) Importer(815301076,1909f56bfc062723c751e8b465ee728b)
Start importing Assets/Scenes/StartMineshaft.unity using Guid(d9ebb64ea6850264cb0874c1b44fe164) Importer(815301076,1909f56bfc062723c751e8b465ee728b)  -> (artifact id: '0e9065cb3d349980f4480ca3c133b3e4') in 0.017343 seconds
  Import took 0.020434 seconds .

========================================================================
Received Prepare
Registering precompiled user dll's ...
Registered in 0.003114 seconds.
Begin MonoManager ReloadAssembly
Native extension for WindowsStandalone target not found
Refreshing native plugins compatible for Editor in 0.37 ms, found 2 plugins.
Preloading 0 native plugins for Editor in 0.00 ms.
Mono: successfully reloaded assembly
- Completed reload, in  0.909 seconds
Platform modules already initialized, skipping
Refreshing native plugins compatible for Editor in 0.45 ms, found 2 plugins.
Preloading 0 native plugins for Editor in 0.00 ms.
Unloading 1495 Unused Serialized files (Serialized files now loaded: 0)
System memory in use before: 73.1 MB.
System memory in use after: 73.2 MB.

Unloading 13 unused Assets to reduce memory usage. Loaded Objects now: 1982.
Total: 2.404900 ms (FindLiveObjects: 0.185900 ms CreateObjectMapping: 0.052600 ms MarkObjects: 2.147000 ms  DeleteObjects: 0.017600 ms)

========================================================================
Received Prepare
Registering precompiled user dll's ...
Registered in 0.002805 seconds.
Begin MonoManager ReloadAssembly
Native extension for WindowsStandalone target not found
Refreshing native plugins compatible for Editor in 0.30 ms, found 2 plugins.
Preloading 0 native plugins for Editor in 0.00 ms.
Mono: successfully reloaded assembly
- Completed reload, in  0.860 seconds
Platform modules already initialized, skipping
Refreshing native plugins compatible for Editor in 0.30 ms, found 2 plugins.
Preloading 0 native plugins for Editor in 0.00 ms.
Unloading 1495 Unused Serialized files (Serialized files now loaded: 0)
System memory in use before: 73.1 MB.
System memory in use after: 73.2 MB.

Unloading 13 unused Assets to reduce memory usage. Loaded Objects now: 1985.
Total: 1.776800 ms (FindLiveObjects: 0.135600 ms CreateObjectMapping: 0.038300 ms MarkObjects: 1.586200 ms  DeleteObjects: 0.015700 ms)

========================================================================
Received Import Request.
  Time since last request: 707.525354 seconds.
  path: Assets/Prefabs/NextLevel.prefab
  artifactKey: Guid(74dc9236b452c38469cdb66f9927480f) Importer(815301076,1909f56bfc062723c751e8b465ee728b)
Start importing Assets/Prefabs/NextLevel.prefab using Guid(74dc9236b452c38469cdb66f9927480f) Importer(815301076,1909f56bfc062723c751e8b465ee728b)  -> (artifact id: '53c32b4c4ec04afbe37664e6d1142d4e') in 0.057205 seconds
  Import took 0.085645 seconds .

========================================================================
Received Prepare
Registering precompiled user dll's ...
Registered in 0.004111 seconds.
Begin MonoManager ReloadAssembly
Native extension for WindowsStandalone target not found
Refreshing native plugins compatible for Editor in 0.31 ms, found 2 plugins.
Preloading 0 native plugins for Editor in 0.00 ms.
Mono: successfully reloaded assembly
- Completed reload, in  0.924 seconds
Platform modules already initialized, skipping
Refreshing native plugins compatible for Editor in 0.29 ms, found 2 plugins.
Preloading 0 native plugins for Editor in 0.00 ms.
Unloading 1495 Unused Serialized files (Serialized files now loaded: 0)
System memory in use before: 73.1 MB.
System memory in use after: 73.2 MB.

Unloading 13 unused Assets to reduce memory usage. Loaded Objects now: 1988.
Total: 1.728400 ms (FindLiveObjects: 0.141300 ms CreateObjectMapping: 0.046300 ms MarkObjects: 1.523800 ms  DeleteObjects: 0.016200 ms)

========================================================================
Received Prepare
Registering precompiled user dll's ...
Registered in 0.002618 seconds.
Begin MonoManager ReloadAssembly
Native extension for WindowsStandalone target not found
Refreshing native plugins compatible for Editor in 0.30 ms, found 2 plugins.
Preloading 0 native plugins for Editor in 0.00 ms.
Mono: successfully reloaded assembly
- Completed reload, in  0.918 seconds
Platform modules already initialized, skipping
Refreshing native plugins compatible for Editor in 0.39 ms, found 2 plugins.
Preloading 0 native plugins for Editor in 0.00 ms.
Unloading 1495 Unused Serialized files (Serialized files now loaded: 0)
System memory in use before: 73.1 MB.
System memory in use after: 73.2 MB.

Unloading 13 unused Assets to reduce memory usage. Loaded Objects now: 1991.
Total: 1.968300 ms (FindLiveObjects: 0.139800 ms CreateObjectMapping: 0.045800 ms MarkObjects: 1.753900 ms  DeleteObjects: 0.027600 ms)

========================================================================
Received Import Request.
  Time since last request: 124.331086 seconds.
  path: Assets/Prefabs/Player.prefab
  artifactKey: Guid(8dc03269dd913954bae90da1b6a1df01) Importer(815301076,1909f56bfc062723c751e8b465ee728b)
Start importing Assets/Prefabs/Player.prefab using Guid(8dc03269dd913954bae90da1b6a1df01) Importer(815301076,1909f56bfc062723c751e8b465ee728b)  -> (artifact id: '872aa67040b253f82037cd373a962692') in 0.125636 seconds
  Import took 0.129786 seconds .

========================================================================
Received Import Request.
  Time since last request: 2.181032 seconds.
  path: Assets/Scenes/StartMineshaft.unity
  artifactKey: Guid(d9ebb64ea6850264cb0874c1b44fe164) Importer(815301076,1909f56bfc062723c751e8b465ee728b)
Start importing Assets/Scenes/StartMineshaft.unity using Guid(d9ebb64ea6850264cb0874c1b44fe164) Importer(815301076,1909f56bfc062723c751e8b465ee728b)  -> (artifact id: '2a864579b9a583aa562cfbf238ab3b9d') in 0.002069 seconds
  Import took 0.004882 seconds .

========================================================================
Received Prepare
Registering precompiled user dll's ...
Registered in 0.009091 seconds.
Begin MonoManager ReloadAssembly
Native extension for WindowsStandalone target not found
Refreshing native plugins compatible for Editor in 0.34 ms, found 2 plugins.
Preloading 0 native plugins for Editor in 0.00 ms.
Mono: successfully reloaded assembly
- Completed reload, in  1.020 seconds
Platform modules already initialized, skipping
Refreshing native plugins compatible for Editor in 0.56 ms, found 2 plugins.
Preloading 0 native plugins for Editor in 0.00 ms.
Unloading 1495 Unused Serialized files (Serialized files now loaded: 0)
System memory in use before: 76.4 MB.
System memory in use after: 76.5 MB.

Unloading 13 unused Assets to reduce memory usage. Loaded Objects now: 2003.
Total: 2.588100 ms (FindLiveObjects: 0.207300 ms CreateObjectMapping: 0.104500 ms MarkObjects: 2.179700 ms  DeleteObjects: 0.095000 ms)

========================================================================
Received Prepare
Registering precompiled user dll's ...
Registered in 0.002555 seconds.
Begin MonoManager ReloadAssembly
Native extension for WindowsStandalone target not found
Refreshing native plugins compatible for Editor in 0.30 ms, found 2 plugins.
Preloading 0 native plugins for Editor in 0.00 ms.
Mono: successfully reloaded assembly
- Completed reload, in  0.890 seconds
Platform modules already initialized, skipping
Refreshing native plugins compatible for Editor in 0.31 ms, found 2 plugins.
Preloading 0 native plugins for Editor in 0.00 ms.
Unloading 1495 Unused Serialized files (Serialized files now loaded: 0)
System memory in use before: 76.4 MB.
System memory in use after: 76.5 MB.

Unloading 13 unused Assets to reduce memory usage. Loaded Objects now: 2006.
Total: 2.117900 ms (FindLiveObjects: 0.136100 ms CreateObjectMapping: 0.047300 ms MarkObjects: 1.916300 ms  DeleteObjects: 0.017100 ms)

========================================================================
Received Prepare
Registering precompiled user dll's ...
Registered in 0.002473 seconds.
Begin MonoManager ReloadAssembly
Native extension for WindowsStandalone target not found
Refreshing native plugins compatible for Editor in 0.30 ms, found 2 plugins.
Preloading 0 native plugins for Editor in 0.00 ms.
Mono: successfully reloaded assembly
- Completed reload, in  0.824 seconds
Platform modules already initialized, skipping
Refreshing native plugins compatible for Editor in 0.30 ms, found 2 plugins.
Preloading 0 native plugins for Editor in 0.00 ms.
Unloading 1495 Unused Serialized files (Serialized files now loaded: 0)
System memory in use before: 76.4 MB.
System memory in use after: 76.5 MB.

Unloading 13 unused Assets to reduce memory usage. Loaded Objects now: 2009.
Total: 1.801200 ms (FindLiveObjects: 0.128100 ms CreateObjectMapping: 0.041900 ms MarkObjects: 1.614800 ms  DeleteObjects: 0.015600 ms)

========================================================================
Received Prepare
Registering precompiled user dll's ...
Registered in 0.002871 seconds.
Begin MonoManager ReloadAssembly
Native extension for WindowsStandalone target not found
Refreshing native plugins compatible for Editor in 0.30 ms, found 2 plugins.
Preloading 0 native plugins for Editor in 0.00 ms.
Mono: successfully reloaded assembly
- Completed reload, in  0.809 seconds
Platform modules already initialized, skipping
Refreshing native plugins compatible for Editor in 0.30 ms, found 2 plugins.
Preloading 0 native plugins for Editor in 0.00 ms.
Unloading 1495 Unused Serialized files (Serialized files now loaded: 0)
System memory in use before: 76.4 MB.
System memory in use after: 76.5 MB.

Unloading 13 unused Assets to reduce memory usage. Loaded Objects now: 2012.
Total: 1.599100 ms (FindLiveObjects: 0.133200 ms CreateObjectMapping: 0.042800 ms MarkObjects: 1.407000 ms  DeleteObjects: 0.015000 ms)

========================================================================
Received Import Request.
  Time since last request: 21088.882258 seconds.
  path: Assets/Scenes/Mineshaft.unity
  artifactKey: Guid(9fc0d4010bbf28b4594072e72b8655ab) Importer(815301076,1909f56bfc062723c751e8b465ee728b)
Start importing Assets/Scenes/Mineshaft.unity using Guid(9fc0d4010bbf28b4594072e72b8655ab) Importer(815301076,1909f56bfc062723c751e8b465ee728b)  -> (artifact id: 'd89b579b3aceabb3c9e83abb32ddcb6b') in 0.018134 seconds
  Import took 0.050297 seconds .

========================================================================
Received Import Request.
  Time since last request: 350.450620 seconds.
  path: Assets/Meshes/Cube changed pivot.obj
  artifactKey: Guid(9ec2543cb4b68444990b618013cf4c64) Importer(815301076,1909f56bfc062723c751e8b465ee728b)
Start importing Assets/Meshes/Cube changed pivot.obj using Guid(9ec2543cb4b68444990b618013cf4c64) Importer(815301076,1909f56bfc062723c751e8b465ee728b)  -> (artifact id: '3a7188fdc1845f5ad12f76a65266e436') in 0.121019 seconds
  Import took 0.136188 seconds .

========================================================================
Received Import Request.
  Time since last request: 43.044472 seconds.
  path: Assets/TextMesh Pro/Resources/Fonts & Materials/LiberationSans SDF - Outline.mat
  artifactKey: Guid(79459efec17a4d00a321bdcc27bbc385) Importer(815301076,1909f56bfc062723c751e8b465ee728b)
Start importing Assets/TextMesh Pro/Resources/Fonts & Materials/LiberationSans SDF - Outline.mat using Guid(79459efec17a4d00a321bdcc27bbc385) Importer(815301076,1909f56bfc062723c751e8b465ee728b)  -> (artifact id: '289988fcecf3b00d1602f8d2b589f7dd') in 0.086885 seconds
  Import took 0.101785 seconds .

========================================================================
Received Import Request.
  Time since last request: 0.317987 seconds.
  path: Assets/TextMesh Pro/Resources/Fonts & Materials/LiberationSans SDF - Drop Shadow.mat
  artifactKey: Guid(e73a58f6e2794ae7b1b7e50b7fb811b0) Importer(815301076,1909f56bfc062723c751e8b465ee728b)
Start importing Assets/TextMesh Pro/Resources/Fonts & Materials/LiberationSans SDF - Drop Shadow.mat using Guid(e73a58f6e2794ae7b1b7e50b7fb811b0) Importer(815301076,1909f56bfc062723c751e8b465ee728b)  -> (artifact id: 'ca0d2861f60500f05bd29199894f7bb5') in 0.060996 seconds
  Import took 0.075370 seconds .

========================================================================
Received Import Request.
  Time since last request: 1.789221 seconds.
  path: Assets/TextMesh Pro/Fonts/LiberationSans.ttf
  artifactKey: Guid(e3265ab4bf004d28a9537516768c1c75) Importer(815301076,1909f56bfc062723c751e8b465ee728b)
Start importing Assets/TextMesh Pro/Fonts/LiberationSans.ttf using Guid(e3265ab4bf004d28a9537516768c1c75) Importer(815301076,1909f56bfc062723c751e8b465ee728b)  -> (artifact id: '1545d9d30191816af9288526690ca05f') in 0.081939 seconds
  Import took 0.093627 seconds .

========================================================================
Received Import Request.
  Time since last request: 93.074692 seconds.
  path: Assets/Scenes/StartMineshaft.unity
  artifactKey: Guid(d9ebb64ea6850264cb0874c1b44fe164) Importer(815301076,1909f56bfc062723c751e8b465ee728b)
Start importing Assets/Scenes/StartMineshaft.unity using Guid(d9ebb64ea6850264cb0874c1b44fe164) Importer(815301076,1909f56bfc062723c751e8b465ee728b)  -> (artifact id: 'b66183a26eaa88bafeba1a0258855180') in 0.002121 seconds
  Import took 0.030703 seconds .

========================================================================
Received Prepare
Registering precompiled user dll's ...
Registered in 0.002301 seconds.
Begin MonoManager ReloadAssembly
Native extension for WindowsStandalone target not found
Refreshing native plugins compatible for Editor in 0.30 ms, found 2 plugins.
Preloading 0 native plugins for Editor in 0.00 ms.
Mono: successfully reloaded assembly
- Completed reload, in  0.847 seconds
Platform modules already initialized, skipping
Refreshing native plugins compatible for Editor in 0.30 ms, found 2 plugins.
Preloading 0 native plugins for Editor in 0.00 ms.
Unloading 1495 Unused Serialized files (Serialized files now loaded: 0)
System memory in use before: 76.8 MB.
System memory in use after: 76.9 MB.

Unloading 13 unused Assets to reduce memory usage. Loaded Objects now: 2056.
Total: 1.725900 ms (FindLiveObjects: 0.135800 ms CreateObjectMapping: 0.042700 ms MarkObjects: 1.533100 ms  DeleteObjects: 0.013400 ms)

========================================================================
Received Import Request.
  Time since last request: 56.741216 seconds.
  path: Assets/Scenes/Mineshaft.unity
  artifactKey: Guid(9fc0d4010bbf28b4594072e72b8655ab) Importer(815301076,1909f56bfc062723c751e8b465ee728b)
Start importing Assets/Scenes/Mineshaft.unity using Guid(9fc0d4010bbf28b4594072e72b8655ab) Importer(815301076,1909f56bfc062723c751e8b465ee728b)  -> (artifact id: '5fece66c8ada864c46938ad82fa5eab3') in 0.018161 seconds
  Import took 0.021214 seconds .

========================================================================
Received Prepare
Registering precompiled user dll's ...
Registered in 0.002821 seconds.
Begin MonoManager ReloadAssembly
Native extension for WindowsStandalone target not found
Refreshing native plugins compatible for Editor in 0.30 ms, found 2 plugins.
Preloading 0 native plugins for Editor in 0.00 ms.
Mono: successfully reloaded assembly
- Completed reload, in  0.774 seconds
Platform modules already initialized, skipping
Refreshing native plugins compatible for Editor in 0.30 ms, found 2 plugins.
Preloading 0 native plugins for Editor in 0.00 ms.
Unloading 1495 Unused Serialized files (Serialized files now loaded: 0)
System memory in use before: 76.9 MB.
System memory in use after: 77.0 MB.

Unloading 13 unused Assets to reduce memory usage. Loaded Objects now: 2059.
Total: 1.712800 ms (FindLiveObjects: 0.140700 ms CreateObjectMapping: 0.045100 ms MarkObjects: 1.511900 ms  DeleteObjects: 0.014400 ms)

========================================================================
Received Import Request.
  Time since last request: 11.655752 seconds.
  path: Assets/Prefabs/Environment/CubeWall.prefab
  artifactKey: Guid(6ad149e82ab1f194dafbfe017b4b75c9) Importer(815301076,1909f56bfc062723c751e8b465ee728b)
Start importing Assets/Prefabs/Environment/CubeWall.prefab using Guid(6ad149e82ab1f194dafbfe017b4b75c9) Importer(815301076,1909f56bfc062723c751e8b465ee728b)  -> (artifact id: 'bc04cab517f28bf6bd2114428d3432a6') in 0.059014 seconds
  Import took 0.068633 seconds .

========================================================================
Received Import Request.
  Time since last request: 4.424634 seconds.
  path: Assets/Scenes/StartMineshaft.unity
  artifactKey: Guid(d9ebb64ea6850264cb0874c1b44fe164) Importer(815301076,1909f56bfc062723c751e8b465ee728b)
Start importing Assets/Scenes/StartMineshaft.unity using Guid(d9ebb64ea6850264cb0874c1b44fe164) Importer(815301076,1909f56bfc062723c751e8b465ee728b)  -> (artifact id: '264c289c1cefef2054a31114ea57b2ad') in 0.002119 seconds
  Import took 0.028218 seconds .

========================================================================
Received Prepare
Registering precompiled user dll's ...
Registered in 0.002877 seconds.
Begin MonoManager ReloadAssembly
Native extension for WindowsStandalone target not found
Refreshing native plugins compatible for Editor in 0.30 ms, found 2 plugins.
Preloading 0 native plugins for Editor in 0.00 ms.
Mono: successfully reloaded assembly
- Completed reload, in  0.811 seconds
Platform modules already initialized, skipping
Refreshing native plugins compatible for Editor in 0.30 ms, found 2 plugins.
Preloading 0 native plugins for Editor in 0.00 ms.
Unloading 1495 Unused Serialized files (Serialized files now loaded: 0)
System memory in use before: 76.9 MB.
System memory in use after: 77.0 MB.

Unloading 13 unused Assets to reduce memory usage. Loaded Objects now: 2063.
Total: 1.728800 ms (FindLiveObjects: 0.135100 ms CreateObjectMapping: 0.044500 ms MarkObjects: 1.533600 ms  DeleteObjects: 0.014900 ms)

========================================================================
Received Import Request.
  Time since last request: 460.876720 seconds.
  path: Assets/Prefabs/Environment/CubeWall.prefab
  artifactKey: Guid(6ad149e82ab1f194dafbfe017b4b75c9) Importer(815301076,1909f56bfc062723c751e8b465ee728b)
Start importing Assets/Prefabs/Environment/CubeWall.prefab using Guid(6ad149e82ab1f194dafbfe017b4b75c9) Importer(815301076,1909f56bfc062723c751e8b465ee728b)  -> (artifact id: 'f1ba380165009014e04b7246eb9b5754') in 0.045398 seconds
  Import took 0.053146 seconds .

========================================================================
Received Prepare
Registering precompiled user dll's ...
Registered in 0.004260 seconds.
Begin MonoManager ReloadAssembly
Native extension for WindowsStandalone target not found
Refreshing native plugins compatible for Editor in 0.30 ms, found 2 plugins.
Preloading 0 native plugins for Editor in 0.00 ms.
Mono: successfully reloaded assembly
- Completed reload, in  0.829 seconds
Platform modules already initialized, skipping
Refreshing native plugins compatible for Editor in 0.35 ms, found 2 plugins.
Preloading 0 native plugins for Editor in 0.00 ms.
Unloading 1495 Unused Serialized files (Serialized files now loaded: 0)
System memory in use before: 77.9 MB.
System memory in use after: 78.0 MB.

Unloading 13 unused Assets to reduce memory usage. Loaded Objects now: 2067.
Total: 1.924400 ms (FindLiveObjects: 0.129100 ms CreateObjectMapping: 0.042100 ms MarkObjects: 1.715200 ms  DeleteObjects: 0.037000 ms)

========================================================================
Received Import Request.
  Time since last request: 89.998709 seconds.
  path: Assets/Prefabs/Environment/CrackedWall 1.prefab
  artifactKey: Guid(05625b6612059324b9100373ba51dd8b) Importer(815301076,1909f56bfc062723c751e8b465ee728b)
Start importing Assets/Prefabs/Environment/CrackedWall 1.prefab using Guid(05625b6612059324b9100373ba51dd8b) Importer(815301076,1909f56bfc062723c751e8b465ee728b)  -> (artifact id: 'dfed5a582ebddfaa22f2c5e60ae12df2') in 0.056263 seconds
  Import took 0.064061 seconds .

========================================================================
Received Import Request.
  Time since last request: 6.409140 seconds.
  path: Assets/Prefabs/Environment/CrackedWallCube.prefab
  artifactKey: Guid(05625b6612059324b9100373ba51dd8b) Importer(815301076,1909f56bfc062723c751e8b465ee728b)
Start importing Assets/Prefabs/Environment/CrackedWallCube.prefab using Guid(05625b6612059324b9100373ba51dd8b) Importer(815301076,1909f56bfc062723c751e8b465ee728b)  -> (artifact id: '66a890feb2d9119cc878fccbd53939bc') in 0.017043 seconds
  Import took 0.030236 seconds .

========================================================================
Received Import Request.
  Time since last request: 0.004834 seconds.
  path: Assets/Prefabs/Environment/CrackedWallCube.prefab
  artifactKey: Guid(05625b6612059324b9100373ba51dd8b) Importer(815301076,1909f56bfc062723c751e8b465ee728b)
Start importing Assets/Prefabs/Environment/CrackedWallCube.prefab using Guid(05625b6612059324b9100373ba51dd8b) Importer(815301076,1909f56bfc062723c751e8b465ee728b)  -> (artifact id: '66a890feb2d9119cc878fccbd53939bc') in 0.013171 seconds
  Import took 0.017279 seconds .

========================================================================
Received Import Request.
  Time since last request: 4.179113 seconds.
  path: Assets/Prefabs/Environment/CrackedWallCube.prefab
  artifactKey: Guid(05625b6612059324b9100373ba51dd8b) Importer(815301076,1909f56bfc062723c751e8b465ee728b)
Start importing Assets/Prefabs/Environment/CrackedWallCube.prefab using Guid(05625b6612059324b9100373ba51dd8b) Importer(815301076,1909f56bfc062723c751e8b465ee728b)  -> (artifact id: '6f8f14631e0ccfd6ed4a174ac4a6332c') in 0.011642 seconds
  Import took 0.021878 seconds .

========================================================================
Received Import Request.
  Time since last request: 0.005048 seconds.
  path: Assets/Prefabs/Environment/CrackedWallCube.prefab
  artifactKey: Guid(05625b6612059324b9100373ba51dd8b) Importer(815301076,1909f56bfc062723c751e8b465ee728b)
Start importing Assets/Prefabs/Environment/CrackedWallCube.prefab using Guid(05625b6612059324b9100373ba51dd8b) Importer(815301076,1909f56bfc062723c751e8b465ee728b)  -> (artifact id: '6f8f14631e0ccfd6ed4a174ac4a6332c') in 0.012536 seconds
  Import took 0.016911 seconds .

========================================================================
Received Import Request.
  Time since last request: 19.730107 seconds.
  path: Assets/Prefabs/Environment/CrackedWallCube.prefab
  artifactKey: Guid(05625b6612059324b9100373ba51dd8b) Importer(815301076,1909f56bfc062723c751e8b465ee728b)
Start importing Assets/Prefabs/Environment/CrackedWallCube.prefab using Guid(05625b6612059324b9100373ba51dd8b) Importer(815301076,1909f56bfc062723c751e8b465ee728b)  -> (artifact id: 'c1304c9eb60dd46b9a48be361f7b8236') in 0.013457 seconds
  Import took 0.017086 seconds .

========================================================================
Received Import Request.
  Time since last request: 21.214740 seconds.
  path: Assets/Prefabs/Environment/CrackedWallCube.prefab
  artifactKey: Guid(05625b6612059324b9100373ba51dd8b) Importer(815301076,1909f56bfc062723c751e8b465ee728b)
Start importing Assets/Prefabs/Environment/CrackedWallCube.prefab using Guid(05625b6612059324b9100373ba51dd8b) Importer(815301076,1909f56bfc062723c751e8b465ee728b)  -> (artifact id: '2f0fbdbc79eca30ae261f5ddfb7e5984') in 0.012419 seconds
  Import took 0.023394 seconds .

========================================================================
Received Import Request.
  Time since last request: 3.636739 seconds.
  path: Assets/Prefabs/Environment/CrackedWallCube.prefab
  artifactKey: Guid(05625b6612059324b9100373ba51dd8b) Importer(815301076,1909f56bfc062723c751e8b465ee728b)
Start importing Assets/Prefabs/Environment/CrackedWallCube.prefab using Guid(05625b6612059324b9100373ba51dd8b) Importer(815301076,1909f56bfc062723c751e8b465ee728b)  -> (artifact id: '950d7e3cf85ac638274176ceca8de2bb') in 0.015597 seconds
  Import took 0.031131 seconds .

========================================================================
Received Import Request.
  Time since last request: 2.708536 seconds.
  path: Assets/Prefabs/Environment/CrackedWallCube.prefab
  artifactKey: Guid(05625b6612059324b9100373ba51dd8b) Importer(815301076,1909f56bfc062723c751e8b465ee728b)
Start importing Assets/Prefabs/Environment/CrackedWallCube.prefab using Guid(05625b6612059324b9100373ba51dd8b) Importer(815301076,1909f56bfc062723c751e8b465ee728b)  -> (artifact id: 'f2cbc7b81fc8a3ae024d7117a85d2981') in 0.013974 seconds
  Import took 0.022268 seconds .

========================================================================
Received Import Request.
  Time since last request: 11.266878 seconds.
  path: Assets/Prefabs/Environment/CrackedWallCube.prefab
  artifactKey: Guid(05625b6612059324b9100373ba51dd8b) Importer(815301076,1909f56bfc062723c751e8b465ee728b)
Start importing Assets/Prefabs/Environment/CrackedWallCube.prefab using Guid(05625b6612059324b9100373ba51dd8b) Importer(815301076,1909f56bfc062723c751e8b465ee728b)  -> (artifact id: '148f8b0589464a7b4738f23ebcf2c800') in 0.013603 seconds
  Import took 0.025303 seconds .

========================================================================
Received Import Request.
  Time since last request: 1.005304 seconds.
  path: Assets/Prefabs/Environment/CrackedWallCube.prefab
  artifactKey: Guid(05625b6612059324b9100373ba51dd8b) Importer(815301076,1909f56bfc062723c751e8b465ee728b)
Start importing Assets/Prefabs/Environment/CrackedWallCube.prefab using Guid(05625b6612059324b9100373ba51dd8b) Importer(815301076,1909f56bfc062723c751e8b465ee728b)  -> (artifact id: '8e9357fde46772fd28b6f2a2f52292bc') in 0.013344 seconds
  Import took 0.019833 seconds .

========================================================================
Received Import Request.
  Time since last request: 13.784196 seconds.
  path: Assets/Prefabs/Environment/CrackedWallCube.prefab
  artifactKey: Guid(05625b6612059324b9100373ba51dd8b) Importer(815301076,1909f56bfc062723c751e8b465ee728b)
Start importing Assets/Prefabs/Environment/CrackedWallCube.prefab using Guid(05625b6612059324b9100373ba51dd8b) Importer(815301076,1909f56bfc062723c751e8b465ee728b)  -> (artifact id: '88531bc3d1caa26b6e995af7c3a39adc') in 0.018576 seconds
  Import took 0.035353 seconds .

========================================================================
Received Import Request.
  Time since last request: 0.572968 seconds.
  path: Assets/Prefabs/Environment/CrackedWallCube.prefab
  artifactKey: Guid(05625b6612059324b9100373ba51dd8b) Importer(815301076,1909f56bfc062723c751e8b465ee728b)
Start importing Assets/Prefabs/Environment/CrackedWallCube.prefab using Guid(05625b6612059324b9100373ba51dd8b) Importer(815301076,1909f56bfc062723c751e8b465ee728b)  -> (artifact id: '8cf89654d8e4af7840e74139de3b0c7c') in 0.010896 seconds
  Import took 0.025563 seconds .

========================================================================
Received Import Request.
  Time since last request: 2.655744 seconds.
  path: Assets/Prefabs/Environment/CrackedWallCube.prefab
  artifactKey: Guid(05625b6612059324b9100373ba51dd8b) Importer(815301076,1909f56bfc062723c751e8b465ee728b)
Start importing Assets/Prefabs/Environment/CrackedWallCube.prefab using Guid(05625b6612059324b9100373ba51dd8b) Importer(815301076,1909f56bfc062723c751e8b465ee728b)  -> (artifact id: '90d54e6c46c8558785040da3391e088d') in 0.013982 seconds
  Import took 0.018553 seconds .

========================================================================
Received Import Request.
  Time since last request: 6.115169 seconds.
  path: Assets/Prefabs/Environment/CrackedWallCube.prefab
  artifactKey: Guid(05625b6612059324b9100373ba51dd8b) Importer(815301076,1909f56bfc062723c751e8b465ee728b)
Start importing Assets/Prefabs/Environment/CrackedWallCube.prefab using Guid(05625b6612059324b9100373ba51dd8b) Importer(815301076,1909f56bfc062723c751e8b465ee728b)  -> (artifact id: '66e9b05ecfe966a53eb6918bc61a2fd5') in 0.009406 seconds
  Import took 0.013047 seconds .

========================================================================
Received Import Request.
  Time since last request: 7.741617 seconds.
  path: Assets/Prefabs/Environment/CrackedWallCube.prefab
  artifactKey: Guid(05625b6612059324b9100373ba51dd8b) Importer(815301076,1909f56bfc062723c751e8b465ee728b)
Start importing Assets/Prefabs/Environment/CrackedWallCube.prefab using Guid(05625b6612059324b9100373ba51dd8b) Importer(815301076,1909f56bfc062723c751e8b465ee728b)  -> (artifact id: 'e6fe1c740e3cd78efc000ba03296bb58') in 0.012831 seconds
  Import took 0.035865 seconds .

========================================================================
Received Import Request.
  Time since last request: 1.997353 seconds.
  path: Assets/Prefabs/Environment/CrackedWallCube.prefab
  artifactKey: Guid(05625b6612059324b9100373ba51dd8b) Importer(815301076,1909f56bfc062723c751e8b465ee728b)
Start importing Assets/Prefabs/Environment/CrackedWallCube.prefab using Guid(05625b6612059324b9100373ba51dd8b) Importer(815301076,1909f56bfc062723c751e8b465ee728b)  -> (artifact id: '441f5e577ec5ad05df377c17cfd68842') in 0.014044 seconds
  Import took 0.017449 seconds .

========================================================================
Received Import Request.
  Time since last request: 7.091354 seconds.
  path: Assets/Prefabs/Environment/CrackedWallCube.prefab
  artifactKey: Guid(05625b6612059324b9100373ba51dd8b) Importer(815301076,1909f56bfc062723c751e8b465ee728b)
Start importing Assets/Prefabs/Environment/CrackedWallCube.prefab using Guid(05625b6612059324b9100373ba51dd8b) Importer(815301076,1909f56bfc062723c751e8b465ee728b)  -> (artifact id: '706486b47ebc20f372434425ca2f5711') in 0.013519 seconds
  Import took 0.024710 seconds .

========================================================================
Received Import Request.
  Time since last request: 5.634593 seconds.
  path: Assets/Prefabs/Environment/CrackedWallCube.prefab
  artifactKey: Guid(05625b6612059324b9100373ba51dd8b) Importer(815301076,1909f56bfc062723c751e8b465ee728b)
Start importing Assets/Prefabs/Environment/CrackedWallCube.prefab using Guid(05625b6612059324b9100373ba51dd8b) Importer(815301076,1909f56bfc062723c751e8b465ee728b)  -> (artifact id: 'b74152d0878d285004766ab5354556da') in 0.013410 seconds
  Import took 0.026939 seconds .

========================================================================
Received Import Request.
  Time since last request: 3.845187 seconds.
  path: Assets/Prefabs/Environment/CrackedWallCube.prefab
  artifactKey: Guid(05625b6612059324b9100373ba51dd8b) Importer(815301076,1909f56bfc062723c751e8b465ee728b)
Start importing Assets/Prefabs/Environment/CrackedWallCube.prefab using Guid(05625b6612059324b9100373ba51dd8b) Importer(815301076,1909f56bfc062723c751e8b465ee728b)  -> (artifact id: 'ea0ad4e505a36cdc9a91e885fe6a18bb') in 0.014632 seconds
  Import took 0.032990 seconds .

========================================================================
Received Import Request.
  Time since last request: 11.958270 seconds.
  path: Assets/Prefabs/Environment/CrackedWallCube.prefab
  artifactKey: Guid(05625b6612059324b9100373ba51dd8b) Importer(815301076,1909f56bfc062723c751e8b465ee728b)
Start importing Assets/Prefabs/Environment/CrackedWallCube.prefab using Guid(05625b6612059324b9100373ba51dd8b) Importer(815301076,1909f56bfc062723c751e8b465ee728b)  -> (artifact id: '6f7676ee59a763d1f5eee4ed243eede1') in 0.014432 seconds
  Import took 0.018742 seconds .

========================================================================
Received Import Request.
  Time since last request: 61.470722 seconds.
  path: Assets/Prefabs/Environment/CrackedWallCube.prefab
  artifactKey: Guid(05625b6612059324b9100373ba51dd8b) Importer(815301076,1909f56bfc062723c751e8b465ee728b)
Start importing Assets/Prefabs/Environment/CrackedWallCube.prefab using Guid(05625b6612059324b9100373ba51dd8b) Importer(815301076,1909f56bfc062723c751e8b465ee728b)  -> (artifact id: 'c1d7550b4495b51edcfc6f95e8c2065c') in 0.015309 seconds
  Import took 0.386722 seconds .

========================================================================
Received Import Request.
  Time since last request: 2.572741 seconds.
  path: Assets/Prefabs/Environment/CrackedWallCube.prefab
  artifactKey: Guid(05625b6612059324b9100373ba51dd8b) Importer(815301076,1909f56bfc062723c751e8b465ee728b)
Start importing Assets/Prefabs/Environment/CrackedWallCube.prefab using Guid(05625b6612059324b9100373ba51dd8b) Importer(815301076,1909f56bfc062723c751e8b465ee728b)  -> (artifact id: '6d3afc22dff99be88547f2f3c1bf2855') in 0.013595 seconds
  Import took 0.017968 seconds .

========================================================================
Received Import Request.
  Time since last request: 36.105264 seconds.
  path: Assets/Prefabs/Environment/CrackedWallCube.prefab
  artifactKey: Guid(05625b6612059324b9100373ba51dd8b) Importer(815301076,1909f56bfc062723c751e8b465ee728b)
Start importing Assets/Prefabs/Environment/CrackedWallCube.prefab using Guid(05625b6612059324b9100373ba51dd8b) Importer(815301076,1909f56bfc062723c751e8b465ee728b)  -> (artifact id: '58d17f16375b219cfe178db56a25714c') in 0.016981 seconds
  Import took 0.022133 seconds .

========================================================================
Received Import Request.
  Time since last request: 21.879223 seconds.
  path: Assets/Prefabs/Environment/CrackedWallCube.prefab
  artifactKey: Guid(05625b6612059324b9100373ba51dd8b) Importer(815301076,1909f56bfc062723c751e8b465ee728b)
Start importing Assets/Prefabs/Environment/CrackedWallCube.prefab using Guid(05625b6612059324b9100373ba51dd8b) Importer(815301076,1909f56bfc062723c751e8b465ee728b)  -> (artifact id: '160d3f5a4fcd0033f7f98f64bdab829e') in 0.019833 seconds
  Import took 0.042088 seconds .

========================================================================
Received Import Request.
  Time since last request: 10.436949 seconds.
  path: Assets/Prefabs/Environment/CrackedWallCube.prefab
  artifactKey: Guid(05625b6612059324b9100373ba51dd8b) Importer(815301076,1909f56bfc062723c751e8b465ee728b)
Start importing Assets/Prefabs/Environment/CrackedWallCube.prefab using Guid(05625b6612059324b9100373ba51dd8b) Importer(815301076,1909f56bfc062723c751e8b465ee728b)  -> (artifact id: '49874a7fcf673cc8385bdccfc2564017') in 0.015281 seconds
  Import took 0.020945 seconds .

========================================================================
Received Import Request.
  Time since last request: 1.409938 seconds.
  path: Assets/Prefabs/Environment/CrackedWallCube.prefab
  artifactKey: Guid(05625b6612059324b9100373ba51dd8b) Importer(815301076,1909f56bfc062723c751e8b465ee728b)
Start importing Assets/Prefabs/Environment/CrackedWallCube.prefab using Guid(05625b6612059324b9100373ba51dd8b) Importer(815301076,1909f56bfc062723c751e8b465ee728b)  -> (artifact id: '00742476513ffc9f6637e593fa9c5d8b') in 0.012481 seconds
  Import took 0.015984 seconds .

========================================================================
Received Import Request.
  Time since last request: 13.580238 seconds.
  path: Assets/Prefabs/Environment/CrackedWallCube.prefab
  artifactKey: Guid(05625b6612059324b9100373ba51dd8b) Importer(815301076,1909f56bfc062723c751e8b465ee728b)
Start importing Assets/Prefabs/Environment/CrackedWallCube.prefab using Guid(05625b6612059324b9100373ba51dd8b) Importer(815301076,1909f56bfc062723c751e8b465ee728b)  -> (artifact id: 'b60d3fd3b5660d3bd59053f7806cd650') in 0.021085 seconds
  Import took 0.024445 seconds .

========================================================================
Received Import Request.
  Time since last request: 3.811008 seconds.
  path: Assets/Prefabs/Environment/CrackedWallCube.prefab
  artifactKey: Guid(05625b6612059324b9100373ba51dd8b) Importer(815301076,1909f56bfc062723c751e8b465ee728b)
Start importing Assets/Prefabs/Environment/CrackedWallCube.prefab using Guid(05625b6612059324b9100373ba51dd8b) Importer(815301076,1909f56bfc062723c751e8b465ee728b)  -> (artifact id: 'cb49c2058e7824f368ce790223bbdd0e') in 0.013106 seconds
  Import took 0.020300 seconds .

========================================================================
Received Import Request.
  Time since last request: 4.470348 seconds.
  path: Assets/Prefabs/Environment/CrackedWallCube.prefab
  artifactKey: Guid(05625b6612059324b9100373ba51dd8b) Importer(815301076,1909f56bfc062723c751e8b465ee728b)
Start importing Assets/Prefabs/Environment/CrackedWallCube.prefab using Guid(05625b6612059324b9100373ba51dd8b) Importer(815301076,1909f56bfc062723c751e8b465ee728b)  -> (artifact id: '87a87fb728d81ebda93fc808fd789279') in 0.012087 seconds
  Import took 0.017708 seconds .

========================================================================
Received Import Request.
  Time since last request: 7.128164 seconds.
  path: Assets/Prefabs/Environment/CrackedWallCube.prefab
  artifactKey: Guid(05625b6612059324b9100373ba51dd8b) Importer(815301076,1909f56bfc062723c751e8b465ee728b)
Start importing Assets/Prefabs/Environment/CrackedWallCube.prefab using Guid(05625b6612059324b9100373ba51dd8b) Importer(815301076,1909f56bfc062723c751e8b465ee728b)  -> (artifact id: 'cc11997dfbd81dc2aa6fea346d323ddd') in 0.016209 seconds
  Import took 0.020217 seconds .

========================================================================
Received Prepare
Registering precompiled user dll's ...
Registered in 0.002361 seconds.
Begin MonoManager ReloadAssembly
Native extension for WindowsStandalone target not found
Refreshing native plugins compatible for Editor in 0.30 ms, found 2 plugins.
Preloading 0 native plugins for Editor in 0.00 ms.
Mono: successfully reloaded assembly
- Completed reload, in  0.907 seconds
Platform modules already initialized, skipping
Refreshing native plugins compatible for Editor in 0.36 ms, found 2 plugins.
Preloading 0 native plugins for Editor in 0.00 ms.
Unloading 1495 Unused Serialized files (Serialized files now loaded: 0)
System memory in use before: 77.9 MB.
System memory in use after: 78.0 MB.

Unloading 13 unused Assets to reduce memory usage. Loaded Objects now: 2071.
Total: 1.699200 ms (FindLiveObjects: 0.205000 ms CreateObjectMapping: 0.071000 ms MarkObjects: 1.409000 ms  DeleteObjects: 0.013500 ms)

========================================================================
Received Import Request.
  Time since last request: 62.273366 seconds.
  path: Assets/Prefabs/Environment/CrackedWallCube.prefab
  artifactKey: Guid(05625b6612059324b9100373ba51dd8b) Importer(815301076,1909f56bfc062723c751e8b465ee728b)
Start importing Assets/Prefabs/Environment/CrackedWallCube.prefab using Guid(05625b6612059324b9100373ba51dd8b) Importer(815301076,1909f56bfc062723c751e8b465ee728b)  -> (artifact id: '8f3f587aec2caefae711afe93579777d') in 0.071334 seconds
  Import took 0.074822 seconds .

========================================================================
Received Prepare
Registering precompiled user dll's ...
Registered in 0.002453 seconds.
Begin MonoManager ReloadAssembly
Native extension for WindowsStandalone target not found
Refreshing native plugins compatible for Editor in 0.31 ms, found 2 plugins.
Preloading 0 native plugins for Editor in 0.00 ms.
Mono: successfully reloaded assembly
- Completed reload, in  0.841 seconds
Platform modules already initialized, skipping
Refreshing native plugins compatible for Editor in 0.30 ms, found 2 plugins.
Preloading 0 native plugins for Editor in 0.00 ms.
Unloading 1495 Unused Serialized files (Serialized files now loaded: 0)
System memory in use before: 77.9 MB.
System memory in use after: 78.0 MB.

Unloading 13 unused Assets to reduce memory usage. Loaded Objects now: 2075.
Total: 1.825200 ms (FindLiveObjects: 0.142200 ms CreateObjectMapping: 0.042000 ms MarkObjects: 1.626600 ms  DeleteObjects: 0.013600 ms)

AssetImportWorkerClient::OnTransportError - code=2 error=End of file
